============================= test session starts =============================
platform win32 -- Python 3.12.7, pytest-9.0.2, pluggy-1.6.0 -- D:\Apps\anaconda3\python.exe
cachedir: .pytest_cache
rootdir: D:\Github\flexlibs2
configfile: pyproject.toml
plugins: anyio-4.12.1, asyncio-1.3.0, cov-7.0.0
asyncio: mode=Mode.STRICT, debug=False, asyncio_default_fixture_loop_scope=None, asyncio_default_test_loop_scope=function
collecting ... collected 357 items

tests/test_operations_baseline.py::TestOperationsImport::test_operations_class_import[POSOperations-flexlibs2.code.Grammar.POSOperations] FAILED [  0%]
tests/test_operations_baseline.py::TestOperationsImport::test_operations_class_import[PhonemeOperations-flexlibs2.code.Grammar.PhonemeOperations] FAILED [  0%]
tests/test_operations_baseline.py::TestOperationsImport::test_operations_class_import[NaturalClassOperations-flexlibs2.code.Grammar.NaturalClassOperations] FAILED [  0%]
tests/test_operations_baseline.py::TestOperationsImport::test_operations_class_import[EnvironmentOperations-flexlibs2.code.Grammar.EnvironmentOperations] FAILED [  1%]
tests/test_operations_baseline.py::TestOperationsImport::test_operations_class_import[PhonologicalRuleOperations-flexlibs2.code.Grammar.PhonologicalRuleOperations] FAILED [  1%]
tests/test_operations_baseline.py::TestOperationsImport::test_operations_class_import[MorphRuleOperations-flexlibs2.code.Grammar.MorphRuleOperations] FAILED [  1%]
tests/test_operations_baseline.py::TestOperationsImport::test_operations_class_import[GramCatOperations-flexlibs2.code.Grammar.GramCatOperations] FAILED [  1%]
tests/test_operations_baseline.py::TestOperationsImport::test_operations_class_import[InflectionFeatureOperations-flexlibs2.code.Grammar.InflectionFeatureOperations] FAILED [  2%]
tests/test_operations_baseline.py::TestOperationsImport::test_operations_class_import[LexEntryOperations-flexlibs2.code.Lexicon.LexEntryOperations] FAILED [  2%]
tests/test_operations_baseline.py::TestOperationsImport::test_operations_class_import[LexSenseOperations-flexlibs2.code.Lexicon.LexSenseOperations] FAILED [  2%]
tests/test_operations_baseline.py::TestOperationsImport::test_operations_class_import[AllomorphOperations-flexlibs2.code.Lexicon.AllomorphOperations] FAILED [  3%]
tests/test_operations_baseline.py::TestOperationsImport::test_operations_class_import[ExampleOperations-flexlibs2.code.Lexicon.ExampleOperations] FAILED [  3%]
tests/test_operations_baseline.py::TestOperationsImport::test_operations_class_import[PronunciationOperations-flexlibs2.code.Lexicon.PronunciationOperations] FAILED [  3%]
tests/test_operations_baseline.py::TestOperationsImport::test_operations_class_import[EtymologyOperations-flexlibs2.code.Lexicon.EtymologyOperations] FAILED [  3%]
tests/test_operations_baseline.py::TestOperationsImport::test_operations_class_import[VariantOperations-flexlibs2.code.Lexicon.VariantOperations] FAILED [  4%]
tests/test_operations_baseline.py::TestOperationsImport::test_operations_class_import[LexReferenceOperations-flexlibs2.code.Lexicon.LexReferenceOperations] FAILED [  4%]
tests/test_operations_baseline.py::TestOperationsImport::test_operations_class_import[SemanticDomainOperations-flexlibs2.code.Lexicon.SemanticDomainOperations] FAILED [  4%]
tests/test_operations_baseline.py::TestOperationsImport::test_operations_class_import[ReversalOperations-flexlibs2.code.Lexicon.ReversalOperations] FAILED [  5%]
tests/test_operations_baseline.py::TestOperationsImport::test_operations_class_import[TextOperations-flexlibs2.code.TextsWords.TextOperations] FAILED [  5%]
tests/test_operations_baseline.py::TestOperationsImport::test_operations_class_import[ParagraphOperations-flexlibs2.code.TextsWords.ParagraphOperations] FAILED [  5%]
tests/test_operations_baseline.py::TestOperationsImport::test_operations_class_import[SegmentOperations-flexlibs2.code.TextsWords.SegmentOperations] FAILED [  5%]
tests/test_operations_baseline.py::TestOperationsImport::test_operations_class_import[WordformOperations-flexlibs2.code.TextsWords.WordformOperations] FAILED [  6%]
tests/test_operations_baseline.py::TestOperationsImport::test_operations_class_import[WfiAnalysisOperations-flexlibs2.code.TextsWords.WfiAnalysisOperations] FAILED [  6%]
tests/test_operations_baseline.py::TestOperationsImport::test_operations_class_import[WfiGlossOperations-flexlibs2.code.TextsWords.WfiGlossOperations] FAILED [  6%]
tests/test_operations_baseline.py::TestOperationsImport::test_operations_class_import[WfiMorphBundleOperations-flexlibs2.code.TextsWords.WfiMorphBundleOperations] FAILED [  7%]
tests/test_operations_baseline.py::TestOperationsImport::test_operations_class_import[DiscourseOperations-flexlibs2.code.TextsWords.DiscourseOperations] FAILED [  7%]
tests/test_operations_baseline.py::TestOperationsImport::test_operations_class_import[WfiWordformOperations-flexlibs2.code.Wordform.WfiWordformOperations] FAILED [  7%]
tests/test_operations_baseline.py::TestOperationsImport::test_operations_class_import[WfiAnalysisOperations-flexlibs2.code.Wordform.WfiAnalysisOperations] FAILED [  7%]
tests/test_operations_baseline.py::TestOperationsImport::test_operations_class_import[WfiGlossOperations-flexlibs2.code.Wordform.WfiGlossOperations] FAILED [  8%]
tests/test_operations_baseline.py::TestOperationsImport::test_operations_class_import[WfiMorphBundleOperations-flexlibs2.code.Wordform.WfiMorphBundleOperations] FAILED [  8%]
tests/test_operations_baseline.py::TestOperationsImport::test_operations_class_import[ConstChartOperations-flexlibs2.code.Discourse.ConstChartOperations] FAILED [  8%]
tests/test_operations_baseline.py::TestOperationsImport::test_operations_class_import[ConstChartRowOperations-flexlibs2.code.Discourse.ConstChartRowOperations] FAILED [  8%]
tests/test_operations_baseline.py::TestOperationsImport::test_operations_class_import[ConstChartTagOperations-flexlibs2.code.Discourse.ConstChartTagOperations] FAILED [  9%]
tests/test_operations_baseline.py::TestOperationsImport::test_operations_class_import[ConstChartClauseMarkerOperations-flexlibs2.code.Discourse.ConstChartClauseMarkerOperations] FAILED [  9%]
tests/test_operations_baseline.py::TestOperationsImport::test_operations_class_import[ConstChartWordGroupOperations-flexlibs2.code.Discourse.ConstChartWordGroupOperations] FAILED [  9%]
tests/test_operations_baseline.py::TestOperationsImport::test_operations_class_import[ConstChartMovedTextOperations-flexlibs2.code.Discourse.ConstChartMovedTextOperations] FAILED [ 10%]
tests/test_operations_baseline.py::TestOperationsImport::test_operations_class_import[ScrBookOperations-flexlibs2.code.Scripture.ScrBookOperations] FAILED [ 10%]
tests/test_operations_baseline.py::TestOperationsImport::test_operations_class_import[ScrSectionOperations-flexlibs2.code.Scripture.ScrSectionOperations] FAILED [ 10%]
tests/test_operations_baseline.py::TestOperationsImport::test_operations_class_import[ScrTxtParaOperations-flexlibs2.code.Scripture.ScrTxtParaOperations] FAILED [ 10%]
tests/test_operations_baseline.py::TestOperationsImport::test_operations_class_import[ScrNoteOperations-flexlibs2.code.Scripture.ScrNoteOperations] FAILED [ 11%]
tests/test_operations_baseline.py::TestOperationsImport::test_operations_class_import[ScrAnnotationsOperations-flexlibs2.code.Scripture.ScrAnnotationsOperations] FAILED [ 11%]
tests/test_operations_baseline.py::TestOperationsImport::test_operations_class_import[ScrDraftOperations-flexlibs2.code.Scripture.ScrDraftOperations] FAILED [ 11%]
tests/test_operations_baseline.py::TestOperationsImport::test_operations_class_import[DataNotebookOperations-flexlibs2.code.Notebook.DataNotebookOperations] FAILED [ 12%]
tests/test_operations_baseline.py::TestOperationsImport::test_operations_class_import[NoteOperations-flexlibs2.code.Notebook.NoteOperations] FAILED [ 12%]
tests/test_operations_baseline.py::TestOperationsImport::test_operations_class_import[PersonOperations-flexlibs2.code.Notebook.PersonOperations] FAILED [ 12%]
tests/test_operations_baseline.py::TestOperationsImport::test_operations_class_import[LocationOperations-flexlibs2.code.Notebook.LocationOperations] FAILED [ 12%]
tests/test_operations_baseline.py::TestOperationsImport::test_operations_class_import[AnthropologyOperations-flexlibs2.code.Notebook.AnthropologyOperations] FAILED [ 13%]
tests/test_operations_baseline.py::TestOperationsImport::test_operations_class_import[ReversalIndexOperations-flexlibs2.code.Reversal.ReversalIndexOperations] FAILED [ 13%]
tests/test_operations_baseline.py::TestOperationsImport::test_operations_class_import[ReversalIndexEntryOperations-flexlibs2.code.Reversal.ReversalIndexEntryOperations] FAILED [ 13%]
tests/test_operations_baseline.py::TestOperationsImport::test_operations_class_import[PossibilityListOperations-flexlibs2.code.Lists.PossibilityListOperations] FAILED [ 14%]
tests/test_operations_baseline.py::TestOperationsImport::test_operations_class_import[AgentOperations-flexlibs2.code.Lists.AgentOperations] FAILED [ 14%]
tests/test_operations_baseline.py::TestOperationsImport::test_operations_class_import[ConfidenceOperations-flexlibs2.code.Lists.ConfidenceOperations] FAILED [ 14%]
tests/test_operations_baseline.py::TestOperationsImport::test_operations_class_import[PublicationOperations-flexlibs2.code.Lists.PublicationOperations] FAILED [ 14%]
tests/test_operations_baseline.py::TestOperationsImport::test_operations_class_import[TranslationTypeOperations-flexlibs2.code.Lists.TranslationTypeOperations] FAILED [ 15%]
tests/test_operations_baseline.py::TestOperationsImport::test_operations_class_import[OverlayOperations-flexlibs2.code.Lists.OverlayOperations] FAILED [ 15%]
tests/test_operations_baseline.py::TestOperationsImport::test_operations_class_import[WritingSystemOperations-flexlibs2.code.System.WritingSystemOperations] FAILED [ 15%]
tests/test_operations_baseline.py::TestOperationsImport::test_operations_class_import[ProjectSettingsOperations-flexlibs2.code.System.ProjectSettingsOperations] FAILED [ 15%]
tests/test_operations_baseline.py::TestOperationsImport::test_operations_class_import[CustomFieldOperations-flexlibs2.code.System.CustomFieldOperations] FAILED [ 16%]
tests/test_operations_baseline.py::TestOperationsImport::test_operations_class_import[CheckOperations-flexlibs2.code.System.CheckOperations] FAILED [ 16%]
tests/test_operations_baseline.py::TestOperationsImport::test_operations_class_import[AnnotationDefOperations-flexlibs2.code.System.AnnotationDefOperations] FAILED [ 16%]
tests/test_operations_baseline.py::TestOperationsImport::test_operations_class_import[MediaOperations-flexlibs2.code.Shared.MediaOperations] FAILED [ 17%]
tests/test_operations_baseline.py::TestOperationsImport::test_operations_class_import[FilterOperations-flexlibs2.code.Shared.FilterOperations] FAILED [ 17%]
tests/test_operations_baseline.py::TestOperationsInstantiation::test_operations_class_instantiation[POSOperations-flexlibs2.code.Grammar.POSOperations] FAILED [ 17%]
tests/test_operations_baseline.py::TestOperationsInstantiation::test_operations_class_instantiation[PhonemeOperations-flexlibs2.code.Grammar.PhonemeOperations] FAILED [ 17%]
tests/test_operations_baseline.py::TestOperationsInstantiation::test_operations_class_instantiation[NaturalClassOperations-flexlibs2.code.Grammar.NaturalClassOperations] FAILED [ 18%]
tests/test_operations_baseline.py::TestOperationsInstantiation::test_operations_class_instantiation[EnvironmentOperations-flexlibs2.code.Grammar.EnvironmentOperations] FAILED [ 18%]
tests/test_operations_baseline.py::TestOperationsInstantiation::test_operations_class_instantiation[PhonologicalRuleOperations-flexlibs2.code.Grammar.PhonologicalRuleOperations] FAILED [ 18%]
tests/test_operations_baseline.py::TestOperationsInstantiation::test_operations_class_instantiation[MorphRuleOperations-flexlibs2.code.Grammar.MorphRuleOperations] FAILED [ 19%]
tests/test_operations_baseline.py::TestOperationsInstantiation::test_operations_class_instantiation[GramCatOperations-flexlibs2.code.Grammar.GramCatOperations] FAILED [ 19%]
tests/test_operations_baseline.py::TestOperationsInstantiation::test_operations_class_instantiation[InflectionFeatureOperations-flexlibs2.code.Grammar.InflectionFeatureOperations] FAILED [ 19%]
tests/test_operations_baseline.py::TestOperationsInstantiation::test_operations_class_instantiation[LexEntryOperations-flexlibs2.code.Lexicon.LexEntryOperations] FAILED [ 19%]
tests/test_operations_baseline.py::TestOperationsInstantiation::test_operations_class_instantiation[LexSenseOperations-flexlibs2.code.Lexicon.LexSenseOperations] FAILED [ 20%]
tests/test_operations_baseline.py::TestOperationsInstantiation::test_operations_class_instantiation[AllomorphOperations-flexlibs2.code.Lexicon.AllomorphOperations] FAILED [ 20%]
tests/test_operations_baseline.py::TestOperationsInstantiation::test_operations_class_instantiation[ExampleOperations-flexlibs2.code.Lexicon.ExampleOperations] FAILED [ 20%]
tests/test_operations_baseline.py::TestOperationsInstantiation::test_operations_class_instantiation[PronunciationOperations-flexlibs2.code.Lexicon.PronunciationOperations] FAILED [ 21%]
tests/test_operations_baseline.py::TestOperationsInstantiation::test_operations_class_instantiation[EtymologyOperations-flexlibs2.code.Lexicon.EtymologyOperations] FAILED [ 21%]
tests/test_operations_baseline.py::TestOperationsInstantiation::test_operations_class_instantiation[VariantOperations-flexlibs2.code.Lexicon.VariantOperations] FAILED [ 21%]
tests/test_operations_baseline.py::TestOperationsInstantiation::test_operations_class_instantiation[LexReferenceOperations-flexlibs2.code.Lexicon.LexReferenceOperations] FAILED [ 21%]
tests/test_operations_baseline.py::TestOperationsInstantiation::test_operations_class_instantiation[SemanticDomainOperations-flexlibs2.code.Lexicon.SemanticDomainOperations] FAILED [ 22%]
tests/test_operations_baseline.py::TestOperationsInstantiation::test_operations_class_instantiation[ReversalOperations-flexlibs2.code.Lexicon.ReversalOperations] FAILED [ 22%]
tests/test_operations_baseline.py::TestOperationsInstantiation::test_operations_class_instantiation[TextOperations-flexlibs2.code.TextsWords.TextOperations] FAILED [ 22%]
tests/test_operations_baseline.py::TestOperationsInstantiation::test_operations_class_instantiation[ParagraphOperations-flexlibs2.code.TextsWords.ParagraphOperations] FAILED [ 22%]
tests/test_operations_baseline.py::TestOperationsInstantiation::test_operations_class_instantiation[SegmentOperations-flexlibs2.code.TextsWords.SegmentOperations] FAILED [ 23%]
tests/test_operations_baseline.py::TestOperationsInstantiation::test_operations_class_instantiation[WordformOperations-flexlibs2.code.TextsWords.WordformOperations] FAILED [ 23%]
tests/test_operations_baseline.py::TestOperationsInstantiation::test_operations_class_instantiation[WfiAnalysisOperations-flexlibs2.code.TextsWords.WfiAnalysisOperations] FAILED [ 23%]
tests/test_operations_baseline.py::TestOperationsInstantiation::test_operations_class_instantiation[WfiGlossOperations-flexlibs2.code.TextsWords.WfiGlossOperations] FAILED [ 24%]
tests/test_operations_baseline.py::TestOperationsInstantiation::test_operations_class_instantiation[WfiMorphBundleOperations-flexlibs2.code.TextsWords.WfiMorphBundleOperations] FAILED [ 24%]
tests/test_operations_baseline.py::TestOperationsInstantiation::test_operations_class_instantiation[DiscourseOperations-flexlibs2.code.TextsWords.DiscourseOperations] FAILED [ 24%]
tests/test_operations_baseline.py::TestOperationsInstantiation::test_operations_class_instantiation[WfiWordformOperations-flexlibs2.code.Wordform.WfiWordformOperations] FAILED [ 24%]
tests/test_operations_baseline.py::TestOperationsInstantiation::test_operations_class_instantiation[WfiAnalysisOperations-flexlibs2.code.Wordform.WfiAnalysisOperations] FAILED [ 25%]
tests/test_operations_baseline.py::TestOperationsInstantiation::test_operations_class_instantiation[WfiGlossOperations-flexlibs2.code.Wordform.WfiGlossOperations] FAILED [ 25%]
tests/test_operations_baseline.py::TestOperationsInstantiation::test_operations_class_instantiation[WfiMorphBundleOperations-flexlibs2.code.Wordform.WfiMorphBundleOperations] FAILED [ 25%]
tests/test_operations_baseline.py::TestOperationsInstantiation::test_operations_class_instantiation[ConstChartOperations-flexlibs2.code.Discourse.ConstChartOperations] FAILED [ 26%]
tests/test_operations_baseline.py::TestOperationsInstantiation::test_operations_class_instantiation[ConstChartRowOperations-flexlibs2.code.Discourse.ConstChartRowOperations] FAILED [ 26%]
tests/test_operations_baseline.py::TestOperationsInstantiation::test_operations_class_instantiation[ConstChartTagOperations-flexlibs2.code.Discourse.ConstChartTagOperations] FAILED [ 26%]
tests/test_operations_baseline.py::TestOperationsInstantiation::test_operations_class_instantiation[ConstChartClauseMarkerOperations-flexlibs2.code.Discourse.ConstChartClauseMarkerOperations] FAILED [ 26%]
tests/test_operations_baseline.py::TestOperationsInstantiation::test_operations_class_instantiation[ConstChartWordGroupOperations-flexlibs2.code.Discourse.ConstChartWordGroupOperations] FAILED [ 27%]
tests/test_operations_baseline.py::TestOperationsInstantiation::test_operations_class_instantiation[ConstChartMovedTextOperations-flexlibs2.code.Discourse.ConstChartMovedTextOperations] FAILED [ 27%]
tests/test_operations_baseline.py::TestOperationsInstantiation::test_operations_class_instantiation[ScrBookOperations-flexlibs2.code.Scripture.ScrBookOperations] FAILED [ 27%]
tests/test_operations_baseline.py::TestOperationsInstantiation::test_operations_class_instantiation[ScrSectionOperations-flexlibs2.code.Scripture.ScrSectionOperations] FAILED [ 28%]
tests/test_operations_baseline.py::TestOperationsInstantiation::test_operations_class_instantiation[ScrTxtParaOperations-flexlibs2.code.Scripture.ScrTxtParaOperations] FAILED [ 28%]
tests/test_operations_baseline.py::TestOperationsInstantiation::test_operations_class_instantiation[ScrNoteOperations-flexlibs2.code.Scripture.ScrNoteOperations] FAILED [ 28%]
tests/test_operations_baseline.py::TestOperationsInstantiation::test_operations_class_instantiation[ScrAnnotationsOperations-flexlibs2.code.Scripture.ScrAnnotationsOperations] FAILED [ 28%]
tests/test_operations_baseline.py::TestOperationsInstantiation::test_operations_class_instantiation[ScrDraftOperations-flexlibs2.code.Scripture.ScrDraftOperations] FAILED [ 29%]
tests/test_operations_baseline.py::TestOperationsInstantiation::test_operations_class_instantiation[DataNotebookOperations-flexlibs2.code.Notebook.DataNotebookOperations] FAILED [ 29%]
tests/test_operations_baseline.py::TestOperationsInstantiation::test_operations_class_instantiation[NoteOperations-flexlibs2.code.Notebook.NoteOperations] FAILED [ 29%]
tests/test_operations_baseline.py::TestOperationsInstantiation::test_operations_class_instantiation[PersonOperations-flexlibs2.code.Notebook.PersonOperations] FAILED [ 29%]
tests/test_operations_baseline.py::TestOperationsInstantiation::test_operations_class_instantiation[LocationOperations-flexlibs2.code.Notebook.LocationOperations] FAILED [ 30%]
tests/test_operations_baseline.py::TestOperationsInstantiation::test_operations_class_instantiation[AnthropologyOperations-flexlibs2.code.Notebook.AnthropologyOperations] FAILED [ 30%]
tests/test_operations_baseline.py::TestOperationsInstantiation::test_operations_class_instantiation[ReversalIndexOperations-flexlibs2.code.Reversal.ReversalIndexOperations] FAILED [ 30%]
tests/test_operations_baseline.py::TestOperationsInstantiation::test_operations_class_instantiation[ReversalIndexEntryOperations-flexlibs2.code.Reversal.ReversalIndexEntryOperations] FAILED [ 31%]
tests/test_operations_baseline.py::TestOperationsInstantiation::test_operations_class_instantiation[PossibilityListOperations-flexlibs2.code.Lists.PossibilityListOperations] FAILED [ 31%]
tests/test_operations_baseline.py::TestOperationsInstantiation::test_operations_class_instantiation[AgentOperations-flexlibs2.code.Lists.AgentOperations] FAILED [ 31%]
tests/test_operations_baseline.py::TestOperationsInstantiation::test_operations_class_instantiation[ConfidenceOperations-flexlibs2.code.Lists.ConfidenceOperations] FAILED [ 31%]
tests/test_operations_baseline.py::TestOperationsInstantiation::test_operations_class_instantiation[PublicationOperations-flexlibs2.code.Lists.PublicationOperations] FAILED [ 32%]
tests/test_operations_baseline.py::TestOperationsInstantiation::test_operations_class_instantiation[TranslationTypeOperations-flexlibs2.code.Lists.TranslationTypeOperations] FAILED [ 32%]
tests/test_operations_baseline.py::TestOperationsInstantiation::test_operations_class_instantiation[OverlayOperations-flexlibs2.code.Lists.OverlayOperations] FAILED [ 32%]
tests/test_operations_baseline.py::TestOperationsInstantiation::test_operations_class_instantiation[WritingSystemOperations-flexlibs2.code.System.WritingSystemOperations] FAILED [ 33%]
tests/test_operations_baseline.py::TestOperationsInstantiation::test_operations_class_instantiation[ProjectSettingsOperations-flexlibs2.code.System.ProjectSettingsOperations] FAILED [ 33%]
tests/test_operations_baseline.py::TestOperationsInstantiation::test_operations_class_instantiation[CustomFieldOperations-flexlibs2.code.System.CustomFieldOperations] FAILED [ 33%]
tests/test_operations_baseline.py::TestOperationsInstantiation::test_operations_class_instantiation[CheckOperations-flexlibs2.code.System.CheckOperations] FAILED [ 33%]
tests/test_operations_baseline.py::TestOperationsInstantiation::test_operations_class_instantiation[AnnotationDefOperations-flexlibs2.code.System.AnnotationDefOperations] FAILED [ 34%]
tests/test_operations_baseline.py::TestOperationsInstantiation::test_operations_class_instantiation[MediaOperations-flexlibs2.code.Shared.MediaOperations] FAILED [ 34%]
tests/test_operations_baseline.py::TestOperationsInstantiation::test_operations_class_instantiation[FilterOperations-flexlibs2.code.Shared.FilterOperations] FAILED [ 34%]
tests/test_operations_baseline.py::TestOperationsInheritance::test_inherits_from_base_operations[POSOperations-flexlibs2.code.Grammar.POSOperations] FAILED [ 35%]
tests/test_operations_baseline.py::TestOperationsInheritance::test_inherits_from_base_operations[PhonemeOperations-flexlibs2.code.Grammar.PhonemeOperations] FAILED [ 35%]
tests/test_operations_baseline.py::TestOperationsInheritance::test_inherits_from_base_operations[NaturalClassOperations-flexlibs2.code.Grammar.NaturalClassOperations] FAILED [ 35%]
tests/test_operations_baseline.py::TestOperationsInheritance::test_inherits_from_base_operations[EnvironmentOperations-flexlibs2.code.Grammar.EnvironmentOperations] FAILED [ 35%]
tests/test_operations_baseline.py::TestOperationsInheritance::test_inherits_from_base_operations[PhonologicalRuleOperations-flexlibs2.code.Grammar.PhonologicalRuleOperations] FAILED [ 36%]
tests/test_operations_baseline.py::TestOperationsInheritance::test_inherits_from_base_operations[MorphRuleOperations-flexlibs2.code.Grammar.MorphRuleOperations] FAILED [ 36%]
tests/test_operations_baseline.py::TestOperationsInheritance::test_inherits_from_base_operations[GramCatOperations-flexlibs2.code.Grammar.GramCatOperations] FAILED [ 36%]
tests/test_operations_baseline.py::TestOperationsInheritance::test_inherits_from_base_operations[InflectionFeatureOperations-flexlibs2.code.Grammar.InflectionFeatureOperations] FAILED [ 36%]
tests/test_operations_baseline.py::TestOperationsInheritance::test_inherits_from_base_operations[LexEntryOperations-flexlibs2.code.Lexicon.LexEntryOperations] FAILED [ 37%]
tests/test_operations_baseline.py::TestOperationsInheritance::test_inherits_from_base_operations[LexSenseOperations-flexlibs2.code.Lexicon.LexSenseOperations] FAILED [ 37%]
tests/test_operations_baseline.py::TestOperationsInheritance::test_inherits_from_base_operations[AllomorphOperations-flexlibs2.code.Lexicon.AllomorphOperations] FAILED [ 37%]
tests/test_operations_baseline.py::TestOperationsInheritance::test_inherits_from_base_operations[ExampleOperations-flexlibs2.code.Lexicon.ExampleOperations] FAILED [ 38%]
tests/test_operations_baseline.py::TestOperationsInheritance::test_inherits_from_base_operations[PronunciationOperations-flexlibs2.code.Lexicon.PronunciationOperations] FAILED [ 38%]
tests/test_operations_baseline.py::TestOperationsInheritance::test_inherits_from_base_operations[EtymologyOperations-flexlibs2.code.Lexicon.EtymologyOperations] FAILED [ 38%]
tests/test_operations_baseline.py::TestOperationsInheritance::test_inherits_from_base_operations[VariantOperations-flexlibs2.code.Lexicon.VariantOperations] FAILED [ 38%]
tests/test_operations_baseline.py::TestOperationsInheritance::test_inherits_from_base_operations[LexReferenceOperations-flexlibs2.code.Lexicon.LexReferenceOperations] FAILED [ 39%]
tests/test_operations_baseline.py::TestOperationsInheritance::test_inherits_from_base_operations[SemanticDomainOperations-flexlibs2.code.Lexicon.SemanticDomainOperations] FAILED [ 39%]
tests/test_operations_baseline.py::TestOperationsInheritance::test_inherits_from_base_operations[ReversalOperations-flexlibs2.code.Lexicon.ReversalOperations] FAILED [ 39%]
tests/test_operations_baseline.py::TestOperationsInheritance::test_inherits_from_base_operations[TextOperations-flexlibs2.code.TextsWords.TextOperations] FAILED [ 40%]
tests/test_operations_baseline.py::TestOperationsInheritance::test_inherits_from_base_operations[ParagraphOperations-flexlibs2.code.TextsWords.ParagraphOperations] FAILED [ 40%]
tests/test_operations_baseline.py::TestOperationsInheritance::test_inherits_from_base_operations[SegmentOperations-flexlibs2.code.TextsWords.SegmentOperations] FAILED [ 40%]
tests/test_operations_baseline.py::TestOperationsInheritance::test_inherits_from_base_operations[WordformOperations-flexlibs2.code.TextsWords.WordformOperations] FAILED [ 40%]
tests/test_operations_baseline.py::TestOperationsInheritance::test_inherits_from_base_operations[WfiAnalysisOperations-flexlibs2.code.TextsWords.WfiAnalysisOperations] FAILED [ 41%]
tests/test_operations_baseline.py::TestOperationsInheritance::test_inherits_from_base_operations[WfiGlossOperations-flexlibs2.code.TextsWords.WfiGlossOperations] FAILED [ 41%]
tests/test_operations_baseline.py::TestOperationsInheritance::test_inherits_from_base_operations[WfiMorphBundleOperations-flexlibs2.code.TextsWords.WfiMorphBundleOperations] FAILED [ 41%]
tests/test_operations_baseline.py::TestOperationsInheritance::test_inherits_from_base_operations[DiscourseOperations-flexlibs2.code.TextsWords.DiscourseOperations] FAILED [ 42%]
tests/test_operations_baseline.py::TestOperationsInheritance::test_inherits_from_base_operations[WfiWordformOperations-flexlibs2.code.Wordform.WfiWordformOperations] FAILED [ 42%]
tests/test_operations_baseline.py::TestOperationsInheritance::test_inherits_from_base_operations[WfiAnalysisOperations-flexlibs2.code.Wordform.WfiAnalysisOperations] FAILED [ 42%]
tests/test_operations_baseline.py::TestOperationsInheritance::test_inherits_from_base_operations[WfiGlossOperations-flexlibs2.code.Wordform.WfiGlossOperations] FAILED [ 42%]
tests/test_operations_baseline.py::TestOperationsInheritance::test_inherits_from_base_operations[WfiMorphBundleOperations-flexlibs2.code.Wordform.WfiMorphBundleOperations] FAILED [ 43%]
tests/test_operations_baseline.py::TestOperationsInheritance::test_inherits_from_base_operations[ConstChartOperations-flexlibs2.code.Discourse.ConstChartOperations] FAILED [ 43%]
tests/test_operations_baseline.py::TestOperationsInheritance::test_inherits_from_base_operations[ConstChartRowOperations-flexlibs2.code.Discourse.ConstChartRowOperations] FAILED [ 43%]
tests/test_operations_baseline.py::TestOperationsInheritance::test_inherits_from_base_operations[ConstChartTagOperations-flexlibs2.code.Discourse.ConstChartTagOperations] FAILED [ 43%]
tests/test_operations_baseline.py::TestOperationsInheritance::test_inherits_from_base_operations[ConstChartClauseMarkerOperations-flexlibs2.code.Discourse.ConstChartClauseMarkerOperations] FAILED [ 44%]
tests/test_operations_baseline.py::TestOperationsInheritance::test_inherits_from_base_operations[ConstChartWordGroupOperations-flexlibs2.code.Discourse.ConstChartWordGroupOperations] FAILED [ 44%]
tests/test_operations_baseline.py::TestOperationsInheritance::test_inherits_from_base_operations[ConstChartMovedTextOperations-flexlibs2.code.Discourse.ConstChartMovedTextOperations] FAILED [ 44%]
tests/test_operations_baseline.py::TestOperationsInheritance::test_inherits_from_base_operations[ScrBookOperations-flexlibs2.code.Scripture.ScrBookOperations] FAILED [ 45%]
tests/test_operations_baseline.py::TestOperationsInheritance::test_inherits_from_base_operations[ScrSectionOperations-flexlibs2.code.Scripture.ScrSectionOperations] FAILED [ 45%]
tests/test_operations_baseline.py::TestOperationsInheritance::test_inherits_from_base_operations[ScrTxtParaOperations-flexlibs2.code.Scripture.ScrTxtParaOperations] FAILED [ 45%]
tests/test_operations_baseline.py::TestOperationsInheritance::test_inherits_from_base_operations[ScrNoteOperations-flexlibs2.code.Scripture.ScrNoteOperations] FAILED [ 45%]
tests/test_operations_baseline.py::TestOperationsInheritance::test_inherits_from_base_operations[ScrAnnotationsOperations-flexlibs2.code.Scripture.ScrAnnotationsOperations] FAILED [ 46%]
tests/test_operations_baseline.py::TestOperationsInheritance::test_inherits_from_base_operations[ScrDraftOperations-flexlibs2.code.Scripture.ScrDraftOperations] FAILED [ 46%]
tests/test_operations_baseline.py::TestOperationsInheritance::test_inherits_from_base_operations[DataNotebookOperations-flexlibs2.code.Notebook.DataNotebookOperations] FAILED [ 46%]
tests/test_operations_baseline.py::TestOperationsInheritance::test_inherits_from_base_operations[NoteOperations-flexlibs2.code.Notebook.NoteOperations] FAILED [ 47%]
tests/test_operations_baseline.py::TestOperationsInheritance::test_inherits_from_base_operations[PersonOperations-flexlibs2.code.Notebook.PersonOperations] FAILED [ 47%]
tests/test_operations_baseline.py::TestOperationsInheritance::test_inherits_from_base_operations[LocationOperations-flexlibs2.code.Notebook.LocationOperations] FAILED [ 47%]
tests/test_operations_baseline.py::TestOperationsInheritance::test_inherits_from_base_operations[AnthropologyOperations-flexlibs2.code.Notebook.AnthropologyOperations] FAILED [ 47%]
tests/test_operations_baseline.py::TestOperationsInheritance::test_inherits_from_base_operations[ReversalIndexOperations-flexlibs2.code.Reversal.ReversalIndexOperations] FAILED [ 48%]
tests/test_operations_baseline.py::TestOperationsInheritance::test_inherits_from_base_operations[ReversalIndexEntryOperations-flexlibs2.code.Reversal.ReversalIndexEntryOperations] FAILED [ 48%]
tests/test_operations_baseline.py::TestOperationsInheritance::test_inherits_from_base_operations[PossibilityListOperations-flexlibs2.code.Lists.PossibilityListOperations] FAILED [ 48%]
tests/test_operations_baseline.py::TestOperationsInheritance::test_inherits_from_base_operations[AgentOperations-flexlibs2.code.Lists.AgentOperations] FAILED [ 49%]
tests/test_operations_baseline.py::TestOperationsInheritance::test_inherits_from_base_operations[ConfidenceOperations-flexlibs2.code.Lists.ConfidenceOperations] FAILED [ 49%]
tests/test_operations_baseline.py::TestOperationsInheritance::test_inherits_from_base_operations[PublicationOperations-flexlibs2.code.Lists.PublicationOperations] FAILED [ 49%]
tests/test_operations_baseline.py::TestOperationsInheritance::test_inherits_from_base_operations[TranslationTypeOperations-flexlibs2.code.Lists.TranslationTypeOperations] FAILED [ 49%]
tests/test_operations_baseline.py::TestOperationsInheritance::test_inherits_from_base_operations[OverlayOperations-flexlibs2.code.Lists.OverlayOperations] FAILED [ 50%]
tests/test_operations_baseline.py::TestOperationsInheritance::test_inherits_from_base_operations[WritingSystemOperations-flexlibs2.code.System.WritingSystemOperations] FAILED [ 50%]
tests/test_operations_baseline.py::TestOperationsInheritance::test_inherits_from_base_operations[ProjectSettingsOperations-flexlibs2.code.System.ProjectSettingsOperations] FAILED [ 50%]
tests/test_operations_baseline.py::TestOperationsInheritance::test_inherits_from_base_operations[CustomFieldOperations-flexlibs2.code.System.CustomFieldOperations] FAILED [ 50%]
tests/test_operations_baseline.py::TestOperationsInheritance::test_inherits_from_base_operations[CheckOperations-flexlibs2.code.System.CheckOperations] FAILED [ 51%]
tests/test_operations_baseline.py::TestOperationsInheritance::test_inherits_from_base_operations[AnnotationDefOperations-flexlibs2.code.System.AnnotationDefOperations] FAILED [ 51%]
tests/test_operations_baseline.py::TestOperationsInheritance::test_inherits_from_base_operations[MediaOperations-flexlibs2.code.Shared.MediaOperations] FAILED [ 51%]
tests/test_operations_baseline.py::TestOperationsInheritance::test_inherits_from_base_operations[FilterOperations-flexlibs2.code.Shared.FilterOperations] FAILED [ 52%]
tests/test_operations_baseline.py::TestReorderingMethods::test_has_all_reordering_methods[POSOperations-flexlibs2.code.Grammar.POSOperations] FAILED [ 52%]
tests/test_operations_baseline.py::TestReorderingMethods::test_has_all_reordering_methods[PhonemeOperations-flexlibs2.code.Grammar.PhonemeOperations] FAILED [ 52%]
tests/test_operations_baseline.py::TestReorderingMethods::test_has_all_reordering_methods[NaturalClassOperations-flexlibs2.code.Grammar.NaturalClassOperations] FAILED [ 52%]
tests/test_operations_baseline.py::TestReorderingMethods::test_has_all_reordering_methods[EnvironmentOperations-flexlibs2.code.Grammar.EnvironmentOperations] FAILED [ 53%]
tests/test_operations_baseline.py::TestReorderingMethods::test_has_all_reordering_methods[PhonologicalRuleOperations-flexlibs2.code.Grammar.PhonologicalRuleOperations] FAILED [ 53%]
tests/test_operations_baseline.py::TestReorderingMethods::test_has_all_reordering_methods[MorphRuleOperations-flexlibs2.code.Grammar.MorphRuleOperations] FAILED [ 53%]
tests/test_operations_baseline.py::TestReorderingMethods::test_has_all_reordering_methods[GramCatOperations-flexlibs2.code.Grammar.GramCatOperations] FAILED [ 54%]
tests/test_operations_baseline.py::TestReorderingMethods::test_has_all_reordering_methods[InflectionFeatureOperations-flexlibs2.code.Grammar.InflectionFeatureOperations] FAILED [ 54%]
tests/test_operations_baseline.py::TestReorderingMethods::test_has_all_reordering_methods[LexEntryOperations-flexlibs2.code.Lexicon.LexEntryOperations] FAILED [ 54%]
tests/test_operations_baseline.py::TestReorderingMethods::test_has_all_reordering_methods[LexSenseOperations-flexlibs2.code.Lexicon.LexSenseOperations] FAILED [ 54%]
tests/test_operations_baseline.py::TestReorderingMethods::test_has_all_reordering_methods[AllomorphOperations-flexlibs2.code.Lexicon.AllomorphOperations] FAILED [ 55%]
tests/test_operations_baseline.py::TestReorderingMethods::test_has_all_reordering_methods[ExampleOperations-flexlibs2.code.Lexicon.ExampleOperations] FAILED [ 55%]
tests/test_operations_baseline.py::TestReorderingMethods::test_has_all_reordering_methods[PronunciationOperations-flexlibs2.code.Lexicon.PronunciationOperations] FAILED [ 55%]
tests/test_operations_baseline.py::TestReorderingMethods::test_has_all_reordering_methods[EtymologyOperations-flexlibs2.code.Lexicon.EtymologyOperations] FAILED [ 56%]
tests/test_operations_baseline.py::TestReorderingMethods::test_has_all_reordering_methods[VariantOperations-flexlibs2.code.Lexicon.VariantOperations] FAILED [ 56%]
tests/test_operations_baseline.py::TestReorderingMethods::test_has_all_reordering_methods[LexReferenceOperations-flexlibs2.code.Lexicon.LexReferenceOperations] FAILED [ 56%]
tests/test_operations_baseline.py::TestReorderingMethods::test_has_all_reordering_methods[SemanticDomainOperations-flexlibs2.code.Lexicon.SemanticDomainOperations] FAILED [ 56%]
tests/test_operations_baseline.py::TestReorderingMethods::test_has_all_reordering_methods[ReversalOperations-flexlibs2.code.Lexicon.ReversalOperations] FAILED [ 57%]
tests/test_operations_baseline.py::TestReorderingMethods::test_has_all_reordering_methods[TextOperations-flexlibs2.code.TextsWords.TextOperations] FAILED [ 57%]
tests/test_operations_baseline.py::TestReorderingMethods::test_has_all_reordering_methods[ParagraphOperations-flexlibs2.code.TextsWords.ParagraphOperations] FAILED [ 57%]
tests/test_operations_baseline.py::TestReorderingMethods::test_has_all_reordering_methods[SegmentOperations-flexlibs2.code.TextsWords.SegmentOperations] FAILED [ 57%]
tests/test_operations_baseline.py::TestReorderingMethods::test_has_all_reordering_methods[WordformOperations-flexlibs2.code.TextsWords.WordformOperations] FAILED [ 58%]
tests/test_operations_baseline.py::TestReorderingMethods::test_has_all_reordering_methods[WfiAnalysisOperations-flexlibs2.code.TextsWords.WfiAnalysisOperations] FAILED [ 58%]
tests/test_operations_baseline.py::TestReorderingMethods::test_has_all_reordering_methods[WfiGlossOperations-flexlibs2.code.TextsWords.WfiGlossOperations] FAILED [ 58%]
tests/test_operations_baseline.py::TestReorderingMethods::test_has_all_reordering_methods[WfiMorphBundleOperations-flexlibs2.code.TextsWords.WfiMorphBundleOperations] FAILED [ 59%]
tests/test_operations_baseline.py::TestReorderingMethods::test_has_all_reordering_methods[DiscourseOperations-flexlibs2.code.TextsWords.DiscourseOperations] FAILED [ 59%]
tests/test_operations_baseline.py::TestReorderingMethods::test_has_all_reordering_methods[WfiWordformOperations-flexlibs2.code.Wordform.WfiWordformOperations] FAILED [ 59%]
tests/test_operations_baseline.py::TestReorderingMethods::test_has_all_reordering_methods[WfiAnalysisOperations-flexlibs2.code.Wordform.WfiAnalysisOperations] FAILED [ 59%]
tests/test_operations_baseline.py::TestReorderingMethods::test_has_all_reordering_methods[WfiGlossOperations-flexlibs2.code.Wordform.WfiGlossOperations] FAILED [ 60%]
tests/test_operations_baseline.py::TestReorderingMethods::test_has_all_reordering_methods[WfiMorphBundleOperations-flexlibs2.code.Wordform.WfiMorphBundleOperations] FAILED [ 60%]
tests/test_operations_baseline.py::TestReorderingMethods::test_has_all_reordering_methods[ConstChartOperations-flexlibs2.code.Discourse.ConstChartOperations] FAILED [ 60%]
tests/test_operations_baseline.py::TestReorderingMethods::test_has_all_reordering_methods[ConstChartRowOperations-flexlibs2.code.Discourse.ConstChartRowOperations] FAILED [ 61%]
tests/test_operations_baseline.py::TestReorderingMethods::test_has_all_reordering_methods[ConstChartTagOperations-flexlibs2.code.Discourse.ConstChartTagOperations] FAILED [ 61%]
tests/test_operations_baseline.py::TestReorderingMethods::test_has_all_reordering_methods[ConstChartClauseMarkerOperations-flexlibs2.code.Discourse.ConstChartClauseMarkerOperations] FAILED [ 61%]
tests/test_operations_baseline.py::TestReorderingMethods::test_has_all_reordering_methods[ConstChartWordGroupOperations-flexlibs2.code.Discourse.ConstChartWordGroupOperations] FAILED [ 61%]
tests/test_operations_baseline.py::TestReorderingMethods::test_has_all_reordering_methods[ConstChartMovedTextOperations-flexlibs2.code.Discourse.ConstChartMovedTextOperations] FAILED [ 62%]
tests/test_operations_baseline.py::TestReorderingMethods::test_has_all_reordering_methods[ScrBookOperations-flexlibs2.code.Scripture.ScrBookOperations] FAILED [ 62%]
tests/test_operations_baseline.py::TestReorderingMethods::test_has_all_reordering_methods[ScrSectionOperations-flexlibs2.code.Scripture.ScrSectionOperations] FAILED [ 62%]
tests/test_operations_baseline.py::TestReorderingMethods::test_has_all_reordering_methods[ScrTxtParaOperations-flexlibs2.code.Scripture.ScrTxtParaOperations] FAILED [ 63%]
tests/test_operations_baseline.py::TestReorderingMethods::test_has_all_reordering_methods[ScrNoteOperations-flexlibs2.code.Scripture.ScrNoteOperations] FAILED [ 63%]
tests/test_operations_baseline.py::TestReorderingMethods::test_has_all_reordering_methods[ScrAnnotationsOperations-flexlibs2.code.Scripture.ScrAnnotationsOperations] FAILED [ 63%]
tests/test_operations_baseline.py::TestReorderingMethods::test_has_all_reordering_methods[ScrDraftOperations-flexlibs2.code.Scripture.ScrDraftOperations] FAILED [ 63%]
tests/test_operations_baseline.py::TestReorderingMethods::test_has_all_reordering_methods[DataNotebookOperations-flexlibs2.code.Notebook.DataNotebookOperations] FAILED [ 64%]
tests/test_operations_baseline.py::TestReorderingMethods::test_has_all_reordering_methods[NoteOperations-flexlibs2.code.Notebook.NoteOperations] FAILED [ 64%]
tests/test_operations_baseline.py::TestReorderingMethods::test_has_all_reordering_methods[PersonOperations-flexlibs2.code.Notebook.PersonOperations] FAILED [ 64%]
tests/test_operations_baseline.py::TestReorderingMethods::test_has_all_reordering_methods[LocationOperations-flexlibs2.code.Notebook.LocationOperations] FAILED [ 64%]
tests/test_operations_baseline.py::TestReorderingMethods::test_has_all_reordering_methods[AnthropologyOperations-flexlibs2.code.Notebook.AnthropologyOperations] FAILED [ 65%]
tests/test_operations_baseline.py::TestReorderingMethods::test_has_all_reordering_methods[ReversalIndexOperations-flexlibs2.code.Reversal.ReversalIndexOperations] FAILED [ 65%]
tests/test_operations_baseline.py::TestReorderingMethods::test_has_all_reordering_methods[ReversalIndexEntryOperations-flexlibs2.code.Reversal.ReversalIndexEntryOperations] FAILED [ 65%]
tests/test_operations_baseline.py::TestReorderingMethods::test_has_all_reordering_methods[PossibilityListOperations-flexlibs2.code.Lists.PossibilityListOperations] FAILED [ 66%]
tests/test_operations_baseline.py::TestReorderingMethods::test_has_all_reordering_methods[AgentOperations-flexlibs2.code.Lists.AgentOperations] FAILED [ 66%]
tests/test_operations_baseline.py::TestReorderingMethods::test_has_all_reordering_methods[ConfidenceOperations-flexlibs2.code.Lists.ConfidenceOperations] FAILED [ 66%]
tests/test_operations_baseline.py::TestReorderingMethods::test_has_all_reordering_methods[PublicationOperations-flexlibs2.code.Lists.PublicationOperations] FAILED [ 66%]
tests/test_operations_baseline.py::TestReorderingMethods::test_has_all_reordering_methods[TranslationTypeOperations-flexlibs2.code.Lists.TranslationTypeOperations] FAILED [ 67%]
tests/test_operations_baseline.py::TestReorderingMethods::test_has_all_reordering_methods[OverlayOperations-flexlibs2.code.Lists.OverlayOperations] FAILED [ 67%]
tests/test_operations_baseline.py::TestReorderingMethods::test_has_all_reordering_methods[WritingSystemOperations-flexlibs2.code.System.WritingSystemOperations] FAILED [ 67%]
tests/test_operations_baseline.py::TestReorderingMethods::test_has_all_reordering_methods[ProjectSettingsOperations-flexlibs2.code.System.ProjectSettingsOperations] FAILED [ 68%]
tests/test_operations_baseline.py::TestReorderingMethods::test_has_all_reordering_methods[CustomFieldOperations-flexlibs2.code.System.CustomFieldOperations] FAILED [ 68%]
tests/test_operations_baseline.py::TestReorderingMethods::test_has_all_reordering_methods[CheckOperations-flexlibs2.code.System.CheckOperations] FAILED [ 68%]
tests/test_operations_baseline.py::TestReorderingMethods::test_has_all_reordering_methods[AnnotationDefOperations-flexlibs2.code.System.AnnotationDefOperations] FAILED [ 68%]
tests/test_operations_baseline.py::TestReorderingMethods::test_has_all_reordering_methods[MediaOperations-flexlibs2.code.Shared.MediaOperations] FAILED [ 69%]
tests/test_operations_baseline.py::TestReorderingMethods::test_has_all_reordering_methods[FilterOperations-flexlibs2.code.Shared.FilterOperations] FAILED [ 69%]
tests/test_operations_baseline.py::TestCommonCRUDMethods::test_has_getall_method[POSOperations-flexlibs2.code.Grammar.POSOperations] FAILED [ 69%]
tests/test_operations_baseline.py::TestCommonCRUDMethods::test_has_getall_method[PhonemeOperations-flexlibs2.code.Grammar.PhonemeOperations] FAILED [ 70%]
tests/test_operations_baseline.py::TestCommonCRUDMethods::test_has_getall_method[NaturalClassOperations-flexlibs2.code.Grammar.NaturalClassOperations] FAILED [ 70%]
tests/test_operations_baseline.py::TestCommonCRUDMethods::test_has_getall_method[EnvironmentOperations-flexlibs2.code.Grammar.EnvironmentOperations] FAILED [ 70%]
tests/test_operations_baseline.py::TestCommonCRUDMethods::test_has_getall_method[PhonologicalRuleOperations-flexlibs2.code.Grammar.PhonologicalRuleOperations] FAILED [ 70%]
tests/test_operations_baseline.py::TestCommonCRUDMethods::test_has_getall_method[MorphRuleOperations-flexlibs2.code.Grammar.MorphRuleOperations] FAILED [ 71%]
tests/test_operations_baseline.py::TestCommonCRUDMethods::test_has_getall_method[GramCatOperations-flexlibs2.code.Grammar.GramCatOperations] FAILED [ 71%]
tests/test_operations_baseline.py::TestCommonCRUDMethods::test_has_getall_method[InflectionFeatureOperations-flexlibs2.code.Grammar.InflectionFeatureOperations] FAILED [ 71%]
tests/test_operations_baseline.py::TestCommonCRUDMethods::test_has_getall_method[LexEntryOperations-flexlibs2.code.Lexicon.LexEntryOperations] FAILED [ 71%]
tests/test_operations_baseline.py::TestCommonCRUDMethods::test_has_getall_method[LexSenseOperations-flexlibs2.code.Lexicon.LexSenseOperations] FAILED [ 72%]
tests/test_operations_baseline.py::TestCommonCRUDMethods::test_has_getall_method[AllomorphOperations-flexlibs2.code.Lexicon.AllomorphOperations] FAILED [ 72%]
tests/test_operations_baseline.py::TestCommonCRUDMethods::test_has_getall_method[ExampleOperations-flexlibs2.code.Lexicon.ExampleOperations] FAILED [ 72%]
tests/test_operations_baseline.py::TestCommonCRUDMethods::test_has_getall_method[PronunciationOperations-flexlibs2.code.Lexicon.PronunciationOperations] FAILED [ 73%]
tests/test_operations_baseline.py::TestCommonCRUDMethods::test_has_getall_method[EtymologyOperations-flexlibs2.code.Lexicon.EtymologyOperations] FAILED [ 73%]
tests/test_operations_baseline.py::TestCommonCRUDMethods::test_has_getall_method[VariantOperations-flexlibs2.code.Lexicon.VariantOperations] FAILED [ 73%]
tests/test_operations_baseline.py::TestCommonCRUDMethods::test_has_getall_method[LexReferenceOperations-flexlibs2.code.Lexicon.LexReferenceOperations] FAILED [ 73%]
tests/test_operations_baseline.py::TestCommonCRUDMethods::test_has_getall_method[SemanticDomainOperations-flexlibs2.code.Lexicon.SemanticDomainOperations] FAILED [ 74%]
tests/test_operations_baseline.py::TestCommonCRUDMethods::test_has_getall_method[ReversalOperations-flexlibs2.code.Lexicon.ReversalOperations] FAILED [ 74%]
tests/test_operations_baseline.py::TestCommonCRUDMethods::test_has_getall_method[TextOperations-flexlibs2.code.TextsWords.TextOperations] FAILED [ 74%]
tests/test_operations_baseline.py::TestCommonCRUDMethods::test_has_getall_method[ParagraphOperations-flexlibs2.code.TextsWords.ParagraphOperations] FAILED [ 75%]
tests/test_operations_baseline.py::TestCommonCRUDMethods::test_has_getall_method[SegmentOperations-flexlibs2.code.TextsWords.SegmentOperations] FAILED [ 75%]
tests/test_operations_baseline.py::TestCommonCRUDMethods::test_has_getall_method[WordformOperations-flexlibs2.code.TextsWords.WordformOperations] FAILED [ 75%]
tests/test_operations_baseline.py::TestCommonCRUDMethods::test_has_getall_method[WfiAnalysisOperations-flexlibs2.code.TextsWords.WfiAnalysisOperations] FAILED [ 75%]
tests/test_operations_baseline.py::TestCommonCRUDMethods::test_has_getall_method[WfiGlossOperations-flexlibs2.code.TextsWords.WfiGlossOperations] FAILED [ 76%]
tests/test_operations_baseline.py::TestCommonCRUDMethods::test_has_getall_method[WfiMorphBundleOperations-flexlibs2.code.TextsWords.WfiMorphBundleOperations] FAILED [ 76%]
tests/test_operations_baseline.py::TestCommonCRUDMethods::test_has_getall_method[DiscourseOperations-flexlibs2.code.TextsWords.DiscourseOperations] FAILED [ 76%]
tests/test_operations_baseline.py::TestCommonCRUDMethods::test_has_getall_method[WfiWordformOperations-flexlibs2.code.Wordform.WfiWordformOperations] FAILED [ 77%]
tests/test_operations_baseline.py::TestCommonCRUDMethods::test_has_getall_method[WfiAnalysisOperations-flexlibs2.code.Wordform.WfiAnalysisOperations] FAILED [ 77%]
tests/test_operations_baseline.py::TestCommonCRUDMethods::test_has_getall_method[WfiGlossOperations-flexlibs2.code.Wordform.WfiGlossOperations] FAILED [ 77%]
tests/test_operations_baseline.py::TestCommonCRUDMethods::test_has_getall_method[WfiMorphBundleOperations-flexlibs2.code.Wordform.WfiMorphBundleOperations] FAILED [ 77%]
tests/test_operations_baseline.py::TestCommonCRUDMethods::test_has_getall_method[ConstChartOperations-flexlibs2.code.Discourse.ConstChartOperations] FAILED [ 78%]
tests/test_operations_baseline.py::TestCommonCRUDMethods::test_has_getall_method[ConstChartRowOperations-flexlibs2.code.Discourse.ConstChartRowOperations] FAILED [ 78%]
tests/test_operations_baseline.py::TestCommonCRUDMethods::test_has_getall_method[ConstChartTagOperations-flexlibs2.code.Discourse.ConstChartTagOperations] FAILED [ 78%]
tests/test_operations_baseline.py::TestCommonCRUDMethods::test_has_getall_method[ConstChartClauseMarkerOperations-flexlibs2.code.Discourse.ConstChartClauseMarkerOperations] FAILED [ 78%]
tests/test_operations_baseline.py::TestCommonCRUDMethods::test_has_getall_method[ConstChartWordGroupOperations-flexlibs2.code.Discourse.ConstChartWordGroupOperations] FAILED [ 79%]
tests/test_operations_baseline.py::TestCommonCRUDMethods::test_has_getall_method[ConstChartMovedTextOperations-flexlibs2.code.Discourse.ConstChartMovedTextOperations] FAILED [ 79%]
tests/test_operations_baseline.py::TestCommonCRUDMethods::test_has_getall_method[ScrBookOperations-flexlibs2.code.Scripture.ScrBookOperations] FAILED [ 79%]
tests/test_operations_baseline.py::TestCommonCRUDMethods::test_has_getall_method[ScrSectionOperations-flexlibs2.code.Scripture.ScrSectionOperations] FAILED [ 80%]
tests/test_operations_baseline.py::TestCommonCRUDMethods::test_has_getall_method[ScrTxtParaOperations-flexlibs2.code.Scripture.ScrTxtParaOperations] FAILED [ 80%]
tests/test_operations_baseline.py::TestCommonCRUDMethods::test_has_getall_method[ScrNoteOperations-flexlibs2.code.Scripture.ScrNoteOperations] FAILED [ 80%]
tests/test_operations_baseline.py::TestCommonCRUDMethods::test_has_getall_method[ScrAnnotationsOperations-flexlibs2.code.Scripture.ScrAnnotationsOperations] FAILED [ 80%]
tests/test_operations_baseline.py::TestCommonCRUDMethods::test_has_getall_method[ScrDraftOperations-flexlibs2.code.Scripture.ScrDraftOperations] FAILED [ 81%]
tests/test_operations_baseline.py::TestCommonCRUDMethods::test_has_getall_method[DataNotebookOperations-flexlibs2.code.Notebook.DataNotebookOperations] FAILED [ 81%]
tests/test_operations_baseline.py::TestCommonCRUDMethods::test_has_getall_method[NoteOperations-flexlibs2.code.Notebook.NoteOperations] FAILED [ 81%]
tests/test_operations_baseline.py::TestCommonCRUDMethods::test_has_getall_method[PersonOperations-flexlibs2.code.Notebook.PersonOperations] FAILED [ 82%]
tests/test_operations_baseline.py::TestCommonCRUDMethods::test_has_getall_method[LocationOperations-flexlibs2.code.Notebook.LocationOperations] FAILED [ 82%]
tests/test_operations_baseline.py::TestCommonCRUDMethods::test_has_getall_method[AnthropologyOperations-flexlibs2.code.Notebook.AnthropologyOperations] FAILED [ 82%]
tests/test_operations_baseline.py::TestCommonCRUDMethods::test_has_getall_method[ReversalIndexOperations-flexlibs2.code.Reversal.ReversalIndexOperations] FAILED [ 82%]
tests/test_operations_baseline.py::TestCommonCRUDMethods::test_has_getall_method[ReversalIndexEntryOperations-flexlibs2.code.Reversal.ReversalIndexEntryOperations] FAILED [ 83%]
tests/test_operations_baseline.py::TestCommonCRUDMethods::test_has_getall_method[PossibilityListOperations-flexlibs2.code.Lists.PossibilityListOperations] FAILED [ 83%]
tests/test_operations_baseline.py::TestCommonCRUDMethods::test_has_getall_method[AgentOperations-flexlibs2.code.Lists.AgentOperations] FAILED [ 83%]
tests/test_operations_baseline.py::TestCommonCRUDMethods::test_has_getall_method[ConfidenceOperations-flexlibs2.code.Lists.ConfidenceOperations] FAILED [ 84%]
tests/test_operations_baseline.py::TestCommonCRUDMethods::test_has_getall_method[PublicationOperations-flexlibs2.code.Lists.PublicationOperations] FAILED [ 84%]
tests/test_operations_baseline.py::TestCommonCRUDMethods::test_has_getall_method[TranslationTypeOperations-flexlibs2.code.Lists.TranslationTypeOperations] FAILED [ 84%]
tests/test_operations_baseline.py::TestCommonCRUDMethods::test_has_getall_method[OverlayOperations-flexlibs2.code.Lists.OverlayOperations] FAILED [ 84%]
tests/test_operations_baseline.py::TestCommonCRUDMethods::test_has_getall_method[WritingSystemOperations-flexlibs2.code.System.WritingSystemOperations] FAILED [ 85%]
tests/test_operations_baseline.py::TestCommonCRUDMethods::test_has_getall_method[ProjectSettingsOperations-flexlibs2.code.System.ProjectSettingsOperations] FAILED [ 85%]
tests/test_operations_baseline.py::TestCommonCRUDMethods::test_has_getall_method[CustomFieldOperations-flexlibs2.code.System.CustomFieldOperations] FAILED [ 85%]
tests/test_operations_baseline.py::TestCommonCRUDMethods::test_has_getall_method[CheckOperations-flexlibs2.code.System.CheckOperations] FAILED [ 85%]
tests/test_operations_baseline.py::TestCommonCRUDMethods::test_has_getall_method[AnnotationDefOperations-flexlibs2.code.System.AnnotationDefOperations] FAILED [ 86%]
tests/test_operations_baseline.py::TestCommonCRUDMethods::test_has_getall_method[MediaOperations-flexlibs2.code.Shared.MediaOperations] FAILED [ 86%]
tests/test_operations_baseline.py::TestCommonCRUDMethods::test_has_getall_method[FilterOperations-flexlibs2.code.Shared.FilterOperations] FAILED [ 86%]
tests/test_operations_baseline.py::TestCommonCRUDMethods::test_has_create_method[POSOperations-flexlibs2.code.Grammar.POSOperations] FAILED [ 87%]
tests/test_operations_baseline.py::TestCommonCRUDMethods::test_has_create_method[LexEntryOperations-flexlibs2.code.Lexicon.LexEntryOperations] FAILED [ 87%]
tests/test_operations_baseline.py::TestCommonCRUDMethods::test_has_create_method[LexSenseOperations-flexlibs2.code.Lexicon.LexSenseOperations] FAILED [ 87%]
tests/test_operations_baseline.py::TestCommonCRUDMethods::test_has_create_method[AllomorphOperations-flexlibs2.code.Lexicon.AllomorphOperations] FAILED [ 87%]
tests/test_operations_baseline.py::TestCommonCRUDMethods::test_has_create_method[ExampleOperations-flexlibs2.code.Lexicon.ExampleOperations] FAILED [ 88%]
tests/test_operations_baseline.py::TestCommonCRUDMethods::test_has_create_method[TextOperations-flexlibs2.code.TextsWords.TextOperations] FAILED [ 88%]
tests/test_operations_baseline.py::TestCommonCRUDMethods::test_has_create_method[ParagraphOperations-flexlibs2.code.TextsWords.ParagraphOperations] FAILED [ 88%]
tests/test_operations_baseline.py::TestCommonCRUDMethods::test_has_create_method[WfiWordformOperations-flexlibs2.code.Wordform.WfiWordformOperations] FAILED [ 89%]
tests/test_operations_baseline.py::TestCommonCRUDMethods::test_has_create_method[ScrBookOperations-flexlibs2.code.Scripture.ScrBookOperations] FAILED [ 89%]
tests/test_operations_baseline.py::TestCommonCRUDMethods::test_has_create_method[ScrSectionOperations-flexlibs2.code.Scripture.ScrSectionOperations] FAILED [ 89%]
tests/test_operations_baseline.py::TestCommonCRUDMethods::test_has_create_method[NoteOperations-flexlibs2.code.Notebook.NoteOperations] FAILED [ 89%]
tests/test_operations_baseline.py::TestCommonCRUDMethods::test_has_create_method[PersonOperations-flexlibs2.code.Notebook.PersonOperations] FAILED [ 90%]
tests/test_operations_baseline.py::TestCommonCRUDMethods::test_has_create_method[LocationOperations-flexlibs2.code.Notebook.LocationOperations] FAILED [ 90%]
tests/test_operations_baseline.py::TestCommonCRUDMethods::test_has_create_method[ReversalIndexEntryOperations-flexlibs2.code.Reversal.ReversalIndexEntryOperations] FAILED [ 90%]
tests/test_operations_baseline.py::TestGrammarOperations::test_grammar_operations_domain[POSOperations-flexlibs2.code.Grammar.POSOperations] FAILED [ 91%]
tests/test_operations_baseline.py::TestGrammarOperations::test_grammar_operations_domain[PhonemeOperations-flexlibs2.code.Grammar.PhonemeOperations] FAILED [ 91%]
tests/test_operations_baseline.py::TestGrammarOperations::test_grammar_operations_domain[NaturalClassOperations-flexlibs2.code.Grammar.NaturalClassOperations] FAILED [ 91%]
tests/test_operations_baseline.py::TestGrammarOperations::test_grammar_operations_domain[EnvironmentOperations-flexlibs2.code.Grammar.EnvironmentOperations] FAILED [ 91%]
tests/test_operations_baseline.py::TestGrammarOperations::test_grammar_operations_domain[PhonologicalRuleOperations-flexlibs2.code.Grammar.PhonologicalRuleOperations] FAILED [ 92%]
tests/test_operations_baseline.py::TestGrammarOperations::test_grammar_operations_domain[MorphRuleOperations-flexlibs2.code.Grammar.MorphRuleOperations] FAILED [ 92%]
tests/test_operations_baseline.py::TestGrammarOperations::test_grammar_operations_domain[GramCatOperations-flexlibs2.code.Grammar.GramCatOperations] FAILED [ 92%]
tests/test_operations_baseline.py::TestGrammarOperations::test_grammar_operations_domain[InflectionFeatureOperations-flexlibs2.code.Grammar.InflectionFeatureOperations] FAILED [ 92%]
tests/test_operations_baseline.py::TestLexiconOperations::test_lexicon_operations_domain[LexEntryOperations-flexlibs2.code.Lexicon.LexEntryOperations] FAILED [ 93%]
tests/test_operations_baseline.py::TestLexiconOperations::test_lexicon_operations_domain[LexSenseOperations-flexlibs2.code.Lexicon.LexSenseOperations] FAILED [ 93%]
tests/test_operations_baseline.py::TestLexiconOperations::test_lexicon_operations_domain[AllomorphOperations-flexlibs2.code.Lexicon.AllomorphOperations] FAILED [ 93%]
tests/test_operations_baseline.py::TestLexiconOperations::test_lexicon_operations_domain[ExampleOperations-flexlibs2.code.Lexicon.ExampleOperations] FAILED [ 94%]
tests/test_operations_baseline.py::TestLexiconOperations::test_lexicon_operations_domain[PronunciationOperations-flexlibs2.code.Lexicon.PronunciationOperations] FAILED [ 94%]
tests/test_operations_baseline.py::TestLexiconOperations::test_lexicon_operations_domain[EtymologyOperations-flexlibs2.code.Lexicon.EtymologyOperations] FAILED [ 94%]
tests/test_operations_baseline.py::TestLexiconOperations::test_lexicon_operations_domain[VariantOperations-flexlibs2.code.Lexicon.VariantOperations] FAILED [ 94%]
tests/test_operations_baseline.py::TestLexiconOperations::test_lexicon_operations_domain[LexReferenceOperations-flexlibs2.code.Lexicon.LexReferenceOperations] FAILED [ 95%]
tests/test_operations_baseline.py::TestLexiconOperations::test_lexicon_operations_domain[SemanticDomainOperations-flexlibs2.code.Lexicon.SemanticDomainOperations] FAILED [ 95%]
tests/test_operations_baseline.py::TestLexiconOperations::test_lexicon_operations_domain[ReversalOperations-flexlibs2.code.Lexicon.ReversalOperations] FAILED [ 95%]
tests/test_operations_baseline.py::TestTextsWordsOperations::test_textswords_operations_domain[TextOperations-flexlibs2.code.TextsWords.TextOperations] FAILED [ 96%]
tests/test_operations_baseline.py::TestTextsWordsOperations::test_textswords_operations_domain[ParagraphOperations-flexlibs2.code.TextsWords.ParagraphOperations] FAILED [ 96%]
tests/test_operations_baseline.py::TestTextsWordsOperations::test_textswords_operations_domain[SegmentOperations-flexlibs2.code.TextsWords.SegmentOperations] FAILED [ 96%]
tests/test_operations_baseline.py::TestTextsWordsOperations::test_textswords_operations_domain[WordformOperations-flexlibs2.code.TextsWords.WordformOperations] FAILED [ 96%]
tests/test_operations_baseline.py::TestTextsWordsOperations::test_textswords_operations_domain[WfiAnalysisOperations-flexlibs2.code.TextsWords.WfiAnalysisOperations] FAILED [ 97%]
tests/test_operations_baseline.py::TestTextsWordsOperations::test_textswords_operations_domain[WfiGlossOperations-flexlibs2.code.TextsWords.WfiGlossOperations] FAILED [ 97%]
tests/test_operations_baseline.py::TestTextsWordsOperations::test_textswords_operations_domain[WfiMorphBundleOperations-flexlibs2.code.TextsWords.WfiMorphBundleOperations] FAILED [ 97%]
tests/test_operations_baseline.py::TestTextsWordsOperations::test_textswords_operations_domain[DiscourseOperations-flexlibs2.code.TextsWords.DiscourseOperations] FAILED [ 98%]
tests/test_operations_baseline.py::TestScriptureOperations::test_scripture_operations_domain[ScrBookOperations-flexlibs2.code.Scripture.ScrBookOperations] FAILED [ 98%]
tests/test_operations_baseline.py::TestScriptureOperations::test_scripture_operations_domain[ScrSectionOperations-flexlibs2.code.Scripture.ScrSectionOperations] FAILED [ 98%]
tests/test_operations_baseline.py::TestScriptureOperations::test_scripture_operations_domain[ScrTxtParaOperations-flexlibs2.code.Scripture.ScrTxtParaOperations] FAILED [ 98%]
tests/test_operations_baseline.py::TestScriptureOperations::test_scripture_operations_domain[ScrNoteOperations-flexlibs2.code.Scripture.ScrNoteOperations] FAILED [ 99%]
tests/test_operations_baseline.py::TestScriptureOperations::test_scripture_operations_domain[ScrAnnotationsOperations-flexlibs2.code.Scripture.ScrAnnotationsOperations] FAILED [ 99%]
tests/test_operations_baseline.py::TestScriptureOperations::test_scripture_operations_domain[ScrDraftOperations-flexlibs2.code.Scripture.ScrDraftOperations] FAILED [ 99%]
tests/test_operations_baseline.py::TestOperationsSummary::test_total_operations_count PASSED [100%]

================================== FAILURES ===================================
_ TestOperationsImport.test_operations_class_import[POSOperations-flexlibs2.code.Grammar.POSOperations] _
tests\test_operations_baseline.py:209: in test_operations_class_import
    module = __import__(module_path, fromlist=[class_name])
             ^^^^^^^^^^^^^^^^^^^^^^^^^^^^^^^^^^^^^^^^^^^^^^
flexlibs2\code\Grammar\POSOperations.py:18: in <module>
    from SIL.LCModel import IPartOfSpeechFactory, IPartOfSpeech, ILexEntryRepository
E   ModuleNotFoundError: No module named 'SIL'

During handling of the above exception, another exception occurred:
tests\test_operations_baseline.py:215: in test_operations_class_import
    pytest.fail(f"Failed to import {class_name} from {module_path}: {e}")
E   Failed: Failed to import POSOperations from flexlibs2.code.Grammar.POSOperations: No module named 'SIL'
_ TestOperationsImport.test_operations_class_import[PhonemeOperations-flexlibs2.code.Grammar.PhonemeOperations] _
tests\test_operations_baseline.py:209: in test_operations_class_import
    module = __import__(module_path, fromlist=[class_name])
             ^^^^^^^^^^^^^^^^^^^^^^^^^^^^^^^^^^^^^^^^^^^^^^
flexlibs2\code\Grammar\PhonemeOperations.py:18: in <module>
    from SIL.LCModel import (
E   ModuleNotFoundError: No module named 'SIL'

During handling of the above exception, another exception occurred:
tests\test_operations_baseline.py:215: in test_operations_class_import
    pytest.fail(f"Failed to import {class_name} from {module_path}: {e}")
E   Failed: Failed to import PhonemeOperations from flexlibs2.code.Grammar.PhonemeOperations: No module named 'SIL'
_ TestOperationsImport.test_operations_class_import[NaturalClassOperations-flexlibs2.code.Grammar.NaturalClassOperations] _
tests\test_operations_baseline.py:209: in test_operations_class_import
    module = __import__(module_path, fromlist=[class_name])
             ^^^^^^^^^^^^^^^^^^^^^^^^^^^^^^^^^^^^^^^^^^^^^^
flexlibs2\code\Grammar\NaturalClassOperations.py:18: in <module>
    from SIL.LCModel import (
E   ModuleNotFoundError: No module named 'SIL'

During handling of the above exception, another exception occurred:
tests\test_operations_baseline.py:215: in test_operations_class_import
    pytest.fail(f"Failed to import {class_name} from {module_path}: {e}")
E   Failed: Failed to import NaturalClassOperations from flexlibs2.code.Grammar.NaturalClassOperations: No module named 'SIL'
_ TestOperationsImport.test_operations_class_import[EnvironmentOperations-flexlibs2.code.Grammar.EnvironmentOperations] _
tests\test_operations_baseline.py:209: in test_operations_class_import
    module = __import__(module_path, fromlist=[class_name])
             ^^^^^^^^^^^^^^^^^^^^^^^^^^^^^^^^^^^^^^^^^^^^^^
flexlibs2\code\Grammar\EnvironmentOperations.py:18: in <module>
    from SIL.LCModel import IPhEnvironmentFactory, IPhEnvironment, ICmObjectRepository
E   ModuleNotFoundError: No module named 'SIL'

During handling of the above exception, another exception occurred:
tests\test_operations_baseline.py:215: in test_operations_class_import
    pytest.fail(f"Failed to import {class_name} from {module_path}: {e}")
E   Failed: Failed to import EnvironmentOperations from flexlibs2.code.Grammar.EnvironmentOperations: No module named 'SIL'
_ TestOperationsImport.test_operations_class_import[PhonologicalRuleOperations-flexlibs2.code.Grammar.PhonologicalRuleOperations] _
tests\test_operations_baseline.py:209: in test_operations_class_import
    module = __import__(module_path, fromlist=[class_name])
             ^^^^^^^^^^^^^^^^^^^^^^^^^^^^^^^^^^^^^^^^^^^^^^
flexlibs2\code\Grammar\PhonologicalRuleOperations.py:18: in <module>
    from SIL.LCModel import (
E   ModuleNotFoundError: No module named 'SIL'

During handling of the above exception, another exception occurred:
tests\test_operations_baseline.py:215: in test_operations_class_import
    pytest.fail(f"Failed to import {class_name} from {module_path}: {e}")
E   Failed: Failed to import PhonologicalRuleOperations from flexlibs2.code.Grammar.PhonologicalRuleOperations: No module named 'SIL'
_ TestOperationsImport.test_operations_class_import[MorphRuleOperations-flexlibs2.code.Grammar.MorphRuleOperations] _
tests\test_operations_baseline.py:209: in test_operations_class_import
    module = __import__(module_path, fromlist=[class_name])
             ^^^^^^^^^^^^^^^^^^^^^^^^^^^^^^^^^^^^^^^^^^^^^^
flexlibs2\code\Grammar\MorphRuleOperations.py:35: in <module>
    from SIL.LCModel import (
E   ModuleNotFoundError: No module named 'SIL'

During handling of the above exception, another exception occurred:
tests\test_operations_baseline.py:215: in test_operations_class_import
    pytest.fail(f"Failed to import {class_name} from {module_path}: {e}")
E   Failed: Failed to import MorphRuleOperations from flexlibs2.code.Grammar.MorphRuleOperations: No module named 'SIL'
_ TestOperationsImport.test_operations_class_import[GramCatOperations-flexlibs2.code.Grammar.GramCatOperations] _
tests\test_operations_baseline.py:209: in test_operations_class_import
    module = __import__(module_path, fromlist=[class_name])
             ^^^^^^^^^^^^^^^^^^^^^^^^^^^^^^^^^^^^^^^^^^^^^^
flexlibs2\code\Grammar\GramCatOperations.py:18: in <module>
    from SIL.LCModel import ICmPossibility, ICmPossibilityFactory
E   ModuleNotFoundError: No module named 'SIL'

During handling of the above exception, another exception occurred:
tests\test_operations_baseline.py:215: in test_operations_class_import
    pytest.fail(f"Failed to import {class_name} from {module_path}: {e}")
E   Failed: Failed to import GramCatOperations from flexlibs2.code.Grammar.GramCatOperations: No module named 'SIL'
_ TestOperationsImport.test_operations_class_import[InflectionFeatureOperations-flexlibs2.code.Grammar.InflectionFeatureOperations] _
tests\test_operations_baseline.py:209: in test_operations_class_import
    module = __import__(module_path, fromlist=[class_name])
             ^^^^^^^^^^^^^^^^^^^^^^^^^^^^^^^^^^^^^^^^^^^^^^
flexlibs2\code\Grammar\InflectionFeatureOperations.py:18: in <module>
    from SIL.LCModel import (
E   ModuleNotFoundError: No module named 'SIL'

During handling of the above exception, another exception occurred:
tests\test_operations_baseline.py:215: in test_operations_class_import
    pytest.fail(f"Failed to import {class_name} from {module_path}: {e}")
E   Failed: Failed to import InflectionFeatureOperations from flexlibs2.code.Grammar.InflectionFeatureOperations: No module named 'SIL'
_ TestOperationsImport.test_operations_class_import[LexEntryOperations-flexlibs2.code.Lexicon.LexEntryOperations] _
tests\test_operations_baseline.py:209: in test_operations_class_import
    module = __import__(module_path, fromlist=[class_name])
             ^^^^^^^^^^^^^^^^^^^^^^^^^^^^^^^^^^^^^^^^^^^^^^
flexlibs2\code\Lexicon\LexEntryOperations.py:21: in <module>
    from SIL.LCModel import (
E   ModuleNotFoundError: No module named 'SIL'

During handling of the above exception, another exception occurred:
tests\test_operations_baseline.py:215: in test_operations_class_import
    pytest.fail(f"Failed to import {class_name} from {module_path}: {e}")
E   Failed: Failed to import LexEntryOperations from flexlibs2.code.Lexicon.LexEntryOperations: No module named 'SIL'
_ TestOperationsImport.test_operations_class_import[LexSenseOperations-flexlibs2.code.Lexicon.LexSenseOperations] _
tests\test_operations_baseline.py:209: in test_operations_class_import
    module = __import__(module_path, fromlist=[class_name])
             ^^^^^^^^^^^^^^^^^^^^^^^^^^^^^^^^^^^^^^^^^^^^^^
flexlibs2\code\Lexicon\LexSenseOperations.py:16: in <module>
    import System
E   ModuleNotFoundError: No module named 'System'

During handling of the above exception, another exception occurred:
tests\test_operations_baseline.py:215: in test_operations_class_import
    pytest.fail(f"Failed to import {class_name} from {module_path}: {e}")
E   Failed: Failed to import LexSenseOperations from flexlibs2.code.Lexicon.LexSenseOperations: No module named 'System'
_ TestOperationsImport.test_operations_class_import[AllomorphOperations-flexlibs2.code.Lexicon.AllomorphOperations] _
tests\test_operations_baseline.py:209: in test_operations_class_import
    module = __import__(module_path, fromlist=[class_name])
             ^^^^^^^^^^^^^^^^^^^^^^^^^^^^^^^^^^^^^^^^^^^^^^
flexlibs2\code\Lexicon\AllomorphOperations.py:21: in <module>
    from SIL.LCModel import (
E   ModuleNotFoundError: No module named 'SIL'

During handling of the above exception, another exception occurred:
tests\test_operations_baseline.py:215: in test_operations_class_import
    pytest.fail(f"Failed to import {class_name} from {module_path}: {e}")
E   Failed: Failed to import AllomorphOperations from flexlibs2.code.Lexicon.AllomorphOperations: No module named 'SIL'
_ TestOperationsImport.test_operations_class_import[ExampleOperations-flexlibs2.code.Lexicon.ExampleOperations] _
tests\test_operations_baseline.py:209: in test_operations_class_import
    module = __import__(module_path, fromlist=[class_name])
             ^^^^^^^^^^^^^^^^^^^^^^^^^^^^^^^^^^^^^^^^^^^^^^
flexlibs2\code\Lexicon\ExampleOperations.py:21: in <module>
    from SIL.LCModel import (
E   ModuleNotFoundError: No module named 'SIL'

During handling of the above exception, another exception occurred:
tests\test_operations_baseline.py:215: in test_operations_class_import
    pytest.fail(f"Failed to import {class_name} from {module_path}: {e}")
E   Failed: Failed to import ExampleOperations from flexlibs2.code.Lexicon.ExampleOperations: No module named 'SIL'
_ TestOperationsImport.test_operations_class_import[PronunciationOperations-flexlibs2.code.Lexicon.PronunciationOperations] _
tests\test_operations_baseline.py:209: in test_operations_class_import
    module = __import__(module_path, fromlist=[class_name])
             ^^^^^^^^^^^^^^^^^^^^^^^^^^^^^^^^^^^^^^^^^^^^^^
flexlibs2\code\Lexicon\PronunciationOperations.py:17: in <module>
    import System
E   ModuleNotFoundError: No module named 'System'

During handling of the above exception, another exception occurred:
tests\test_operations_baseline.py:215: in test_operations_class_import
    pytest.fail(f"Failed to import {class_name} from {module_path}: {e}")
E   Failed: Failed to import PronunciationOperations from flexlibs2.code.Lexicon.PronunciationOperations: No module named 'System'
_ TestOperationsImport.test_operations_class_import[EtymologyOperations-flexlibs2.code.Lexicon.EtymologyOperations] _
tests\test_operations_baseline.py:209: in test_operations_class_import
    module = __import__(module_path, fromlist=[class_name])
             ^^^^^^^^^^^^^^^^^^^^^^^^^^^^^^^^^^^^^^^^^^^^^^
flexlibs2\code\Lexicon\EtymologyOperations.py:18: in <module>
    from SIL.LCModel import (
E   ModuleNotFoundError: No module named 'SIL'

During handling of the above exception, another exception occurred:
tests\test_operations_baseline.py:215: in test_operations_class_import
    pytest.fail(f"Failed to import {class_name} from {module_path}: {e}")
E   Failed: Failed to import EtymologyOperations from flexlibs2.code.Lexicon.EtymologyOperations: No module named 'SIL'
_ TestOperationsImport.test_operations_class_import[VariantOperations-flexlibs2.code.Lexicon.VariantOperations] _
tests\test_operations_baseline.py:209: in test_operations_class_import
    module = __import__(module_path, fromlist=[class_name])
             ^^^^^^^^^^^^^^^^^^^^^^^^^^^^^^^^^^^^^^^^^^^^^^
flexlibs2\code\Lexicon\VariantOperations.py:18: in <module>
    from SIL.LCModel import (
E   ModuleNotFoundError: No module named 'SIL'

During handling of the above exception, another exception occurred:
tests\test_operations_baseline.py:215: in test_operations_class_import
    pytest.fail(f"Failed to import {class_name} from {module_path}: {e}")
E   Failed: Failed to import VariantOperations from flexlibs2.code.Lexicon.VariantOperations: No module named 'SIL'
_ TestOperationsImport.test_operations_class_import[LexReferenceOperations-flexlibs2.code.Lexicon.LexReferenceOperations] _
tests\test_operations_baseline.py:209: in test_operations_class_import
    module = __import__(module_path, fromlist=[class_name])
             ^^^^^^^^^^^^^^^^^^^^^^^^^^^^^^^^^^^^^^^^^^^^^^
flexlibs2\code\Lexicon\LexReferenceOperations.py:18: in <module>
    from SIL.LCModel import (
E   ModuleNotFoundError: No module named 'SIL'

During handling of the above exception, another exception occurred:
tests\test_operations_baseline.py:215: in test_operations_class_import
    pytest.fail(f"Failed to import {class_name} from {module_path}: {e}")
E   Failed: Failed to import LexReferenceOperations from flexlibs2.code.Lexicon.LexReferenceOperations: No module named 'SIL'
_ TestOperationsImport.test_operations_class_import[SemanticDomainOperations-flexlibs2.code.Lexicon.SemanticDomainOperations] _
tests\test_operations_baseline.py:209: in test_operations_class_import
    module = __import__(module_path, fromlist=[class_name])
             ^^^^^^^^^^^^^^^^^^^^^^^^^^^^^^^^^^^^^^^^^^^^^^
flexlibs2\code\Lexicon\SemanticDomainOperations.py:18: in <module>
    from SIL.LCModel import (
E   ModuleNotFoundError: No module named 'SIL'

During handling of the above exception, another exception occurred:
tests\test_operations_baseline.py:215: in test_operations_class_import
    pytest.fail(f"Failed to import {class_name} from {module_path}: {e}")
E   Failed: Failed to import SemanticDomainOperations from flexlibs2.code.Lexicon.SemanticDomainOperations: No module named 'SIL'
_ TestOperationsImport.test_operations_class_import[ReversalOperations-flexlibs2.code.Lexicon.ReversalOperations] _
tests\test_operations_baseline.py:209: in test_operations_class_import
    module = __import__(module_path, fromlist=[class_name])
             ^^^^^^^^^^^^^^^^^^^^^^^^^^^^^^^^^^^^^^^^^^^^^^
flexlibs2\code\Lexicon\ReversalOperations.py:18: in <module>
    from SIL.LCModel import (
E   ModuleNotFoundError: No module named 'SIL'

During handling of the above exception, another exception occurred:
tests\test_operations_baseline.py:215: in test_operations_class_import
    pytest.fail(f"Failed to import {class_name} from {module_path}: {e}")
E   Failed: Failed to import ReversalOperations from flexlibs2.code.Lexicon.ReversalOperations: No module named 'SIL'
_ TestOperationsImport.test_operations_class_import[TextOperations-flexlibs2.code.TextsWords.TextOperations] _
tests\test_operations_baseline.py:209: in test_operations_class_import
    module = __import__(module_path, fromlist=[class_name])
             ^^^^^^^^^^^^^^^^^^^^^^^^^^^^^^^^^^^^^^^^^^^^^^
flexlibs2\code\TextsWords\TextOperations.py:15: in <module>
    from SIL.LCModel import (
E   ModuleNotFoundError: No module named 'SIL'

During handling of the above exception, another exception occurred:
tests\test_operations_baseline.py:215: in test_operations_class_import
    pytest.fail(f"Failed to import {class_name} from {module_path}: {e}")
E   Failed: Failed to import TextOperations from flexlibs2.code.TextsWords.TextOperations: No module named 'SIL'
_ TestOperationsImport.test_operations_class_import[ParagraphOperations-flexlibs2.code.TextsWords.ParagraphOperations] _
tests\test_operations_baseline.py:209: in test_operations_class_import
    module = __import__(module_path, fromlist=[class_name])
             ^^^^^^^^^^^^^^^^^^^^^^^^^^^^^^^^^^^^^^^^^^^^^^
flexlibs2\code\TextsWords\ParagraphOperations.py:15: in <module>
    from SIL.LCModel import (
E   ModuleNotFoundError: No module named 'SIL'

During handling of the above exception, another exception occurred:
tests\test_operations_baseline.py:215: in test_operations_class_import
    pytest.fail(f"Failed to import {class_name} from {module_path}: {e}")
E   Failed: Failed to import ParagraphOperations from flexlibs2.code.TextsWords.ParagraphOperations: No module named 'SIL'
_ TestOperationsImport.test_operations_class_import[SegmentOperations-flexlibs2.code.TextsWords.SegmentOperations] _
tests\test_operations_baseline.py:209: in test_operations_class_import
    module = __import__(module_path, fromlist=[class_name])
             ^^^^^^^^^^^^^^^^^^^^^^^^^^^^^^^^^^^^^^^^^^^^^^
flexlibs2\code\TextsWords\SegmentOperations.py:17: in <module>
    from SIL.LCModel import (
E   ModuleNotFoundError: No module named 'SIL'

During handling of the above exception, another exception occurred:
tests\test_operations_baseline.py:215: in test_operations_class_import
    pytest.fail(f"Failed to import {class_name} from {module_path}: {e}")
E   Failed: Failed to import SegmentOperations from flexlibs2.code.TextsWords.SegmentOperations: No module named 'SIL'
_ TestOperationsImport.test_operations_class_import[WordformOperations-flexlibs2.code.TextsWords.WordformOperations] _
tests\test_operations_baseline.py:209: in test_operations_class_import
    module = __import__(module_path, fromlist=[class_name])
             ^^^^^^^^^^^^^^^^^^^^^^^^^^^^^^^^^^^^^^^^^^^^^^
flexlibs2\code\TextsWords\WordformOperations.py:20: in <module>
    from SIL.LCModel import (
E   ModuleNotFoundError: No module named 'SIL'

During handling of the above exception, another exception occurred:
tests\test_operations_baseline.py:215: in test_operations_class_import
    pytest.fail(f"Failed to import {class_name} from {module_path}: {e}")
E   Failed: Failed to import WordformOperations from flexlibs2.code.TextsWords.WordformOperations: No module named 'SIL'
_ TestOperationsImport.test_operations_class_import[WfiAnalysisOperations-flexlibs2.code.TextsWords.WfiAnalysisOperations] _
tests\test_operations_baseline.py:209: in test_operations_class_import
    module = __import__(module_path, fromlist=[class_name])
             ^^^^^^^^^^^^^^^^^^^^^^^^^^^^^^^^^^^^^^^^^^^^^^
flexlibs2\code\TextsWords\WfiAnalysisOperations.py:18: in <module>
    from SIL.LCModel import (
E   ModuleNotFoundError: No module named 'SIL'

During handling of the above exception, another exception occurred:
tests\test_operations_baseline.py:215: in test_operations_class_import
    pytest.fail(f"Failed to import {class_name} from {module_path}: {e}")
E   Failed: Failed to import WfiAnalysisOperations from flexlibs2.code.TextsWords.WfiAnalysisOperations: No module named 'SIL'
[...]
FAILED tests/test_operations_baseline.py::TestReorderingMethods::test_has_all_reordering_methods[LocationOperations-flexlibs2.code.Notebook.LocationOperations]
FAILED tests/test_operations_baseline.py::TestReorderingMethods::test_has_all_reordering_methods[AnthropologyOperations-flexlibs2.code.Notebook.AnthropologyOperations]
FAILED tests/test_operations_baseline.py::TestReorderingMethods::test_has_all_reordering_methods[ReversalIndexOperations-flexlibs2.code.Reversal.ReversalIndexOperations]
FAILED tests/test_operations_baseline.py::TestReorderingMethods::test_has_all_reordering_methods[ReversalIndexEntryOperations-flexlibs2.code.Reversal.ReversalIndexEntryOperations]
FAILED tests/test_operations_baseline.py::TestReorderingMethods::test_has_all_reordering_methods[PossibilityListOperations-flexlibs2.code.Lists.PossibilityListOperations]
FAILED tests/test_operations_baseline.py::TestReorderingMethods::test_has_all_reordering_methods[AgentOperations-flexlibs2.code.Lists.AgentOperations]
FAILED tests/test_operations_baseline.py::TestReorderingMethods::test_has_all_reordering_methods[ConfidenceOperations-flexlibs2.code.Lists.ConfidenceOperations]
FAILED tests/test_operations_baseline.py::TestReorderingMethods::test_has_all_reordering_methods[PublicationOperations-flexlibs2.code.Lists.PublicationOperations]
FAILED tests/test_operations_baseline.py::TestReorderingMethods::test_has_all_reordering_methods[TranslationTypeOperations-flexlibs2.code.Lists.TranslationTypeOperations]
FAILED tests/test_operations_baseline.py::TestReorderingMethods::test_has_all_reordering_methods[OverlayOperations-flexlibs2.code.Lists.OverlayOperations]
FAILED tests/test_operations_baseline.py::TestReorderingMethods::test_has_all_reordering_methods[WritingSystemOperations-flexlibs2.code.System.WritingSystemOperations]
FAILED tests/test_operations_baseline.py::TestReorderingMethods::test_has_all_reordering_methods[ProjectSettingsOperations-flexlibs2.code.System.ProjectSettingsOperations]
FAILED tests/test_operations_baseline.py::TestReorderingMethods::test_has_all_reordering_methods[CustomFieldOperations-flexlibs2.code.System.CustomFieldOperations]
FAILED tests/test_operations_baseline.py::TestReorderingMethods::test_has_all_reordering_methods[CheckOperations-flexlibs2.code.System.CheckOperations]
FAILED tests/test_operations_baseline.py::TestReorderingMethods::test_has_all_reordering_methods[AnnotationDefOperations-flexlibs2.code.System.AnnotationDefOperations]
FAILED tests/test_operations_baseline.py::TestReorderingMethods::test_has_all_reordering_methods[MediaOperations-flexlibs2.code.Shared.MediaOperations]
FAILED tests/test_operations_baseline.py::TestReorderingMethods::test_has_all_reordering_methods[FilterOperations-flexlibs2.code.Shared.FilterOperations]
FAILED tests/test_operations_baseline.py::TestCommonCRUDMethods::test_has_getall_method[POSOperations-flexlibs2.code.Grammar.POSOperations]
FAILED tests/test_operations_baseline.py::TestCommonCRUDMethods::test_has_getall_method[PhonemeOperations-flexlibs2.code.Grammar.PhonemeOperations]
FAILED tests/test_operations_baseline.py::TestCommonCRUDMethods::test_has_getall_method[NaturalClassOperations-flexlibs2.code.Grammar.NaturalClassOperations]
FAILED tests/test_operations_baseline.py::TestCommonCRUDMethods::test_has_getall_method[EnvironmentOperations-flexlibs2.code.Grammar.EnvironmentOperations]
FAILED tests/test_operations_baseline.py::TestCommonCRUDMethods::test_has_getall_method[PhonologicalRuleOperations-flexlibs2.code.Grammar.PhonologicalRuleOperations]
FAILED tests/test_operations_baseline.py::TestCommonCRUDMethods::test_has_getall_method[MorphRuleOperations-flexlibs2.code.Grammar.MorphRuleOperations]
FAILED tests/test_operations_baseline.py::TestCommonCRUDMethods::test_has_getall_method[GramCatOperations-flexlibs2.code.Grammar.GramCatOperations]
FAILED tests/test_operations_baseline.py::TestCommonCRUDMethods::test_has_getall_method[InflectionFeatureOperations-flexlibs2.code.Grammar.InflectionFeatureOperations]
FAILED tests/test_operations_baseline.py::TestCommonCRUDMethods::test_has_getall_method[LexEntryOperations-flexlibs2.code.Lexicon.LexEntryOperations]
FAILED tests/test_operations_baseline.py::TestCommonCRUDMethods::test_has_getall_method[LexSenseOperations-flexlibs2.code.Lexicon.LexSenseOperations]
FAILED tests/test_operations_baseline.py::TestCommonCRUDMethods::test_has_getall_method[AllomorphOperations-flexlibs2.code.Lexicon.AllomorphOperations]
FAILED tests/test_operations_baseline.py::TestCommonCRUDMethods::test_has_getall_method[ExampleOperations-flexlibs2.code.Lexicon.ExampleOperations]
FAILED tests/test_operations_baseline.py::TestCommonCRUDMethods::test_has_getall_method[PronunciationOperations-flexlibs2.code.Lexicon.PronunciationOperations]
FAILED tests/test_operations_baseline.py::TestCommonCRUDMethods::test_has_getall_method[EtymologyOperations-flexlibs2.code.Lexicon.EtymologyOperations]
FAILED tests/test_operations_baseline.py::TestCommonCRUDMethods::test_has_getall_method[VariantOperations-flexlibs2.code.Lexicon.VariantOperations]
FAILED tests/test_operations_baseline.py::TestCommonCRUDMethods::test_has_getall_method[LexReferenceOperations-flexlibs2.code.Lexicon.LexReferenceOperations]
FAILED tests/test_operations_baseline.py::TestCommonCRUDMethods::test_has_getall_method[SemanticDomainOperations-flexlibs2.code.Lexicon.SemanticDomainOperations]
FAILED tests/test_operations_baseline.py::TestCommonCRUDMethods::test_has_getall_method[ReversalOperations-flexlibs2.code.Lexicon.ReversalOperations]
FAILED tests/test_operations_baseline.py::TestCommonCRUDMethods::test_has_getall_method[TextOperations-flexlibs2.code.TextsWords.TextOperations]
FAILED tests/test_operations_baseline.py::TestCommonCRUDMethods::test_has_getall_method[ParagraphOperations-flexlibs2.code.TextsWords.ParagraphOperations]
FAILED tests/test_operations_baseline.py::TestCommonCRUDMethods::test_has_getall_method[SegmentOperations-flexlibs2.code.TextsWords.SegmentOperations]
FAILED tests/test_operations_baseline.py::TestCommonCRUDMethods::test_has_getall_method[WordformOperations-flexlibs2.code.TextsWords.WordformOperations]
FAILED tests/test_operations_baseline.py::TestCommonCRUDMethods::test_has_getall_method[WfiAnalysisOperations-flexlibs2.code.TextsWords.WfiAnalysisOperations]
FAILED tests/test_operations_baseline.py::TestCommonCRUDMethods::test_has_getall_method[WfiGlossOperations-flexlibs2.code.TextsWords.WfiGlossOperations]
FAILED tests/test_operations_baseline.py::TestCommonCRUDMethods::test_has_getall_method[WfiMorphBundleOperations-flexlibs2.code.TextsWords.WfiMorphBundleOperations]
FAILED tests/test_operations_baseline.py::TestCommonCRUDMethods::test_has_getall_method[DiscourseOperations-flexlibs2.code.TextsWords.DiscourseOperations]
FAILED tests/test_operations_baseline.py::TestCommonCRUDMethods::test_has_getall_method[WfiWordformOperations-flexlibs2.code.Wordform.WfiWordformOperations]
FAILED tests/test_operations_baseline.py::TestCommonCRUDMethods::test_has_getall_method[WfiAnalysisOperations-flexlibs2.code.Wordform.WfiAnalysisOperations]
FAILED tests/test_operations_baseline.py::TestCommonCRUDMethods::test_has_getall_method[WfiGlossOperations-flexlibs2.code.Wordform.WfiGlossOperations]
FAILED tests/test_operations_baseline.py::TestCommonCRUDMethods::test_has_getall_method[WfiMorphBundleOperations-flexlibs2.code.Wordform.WfiMorphBundleOperations]
FAILED tests/test_operations_baseline.py::TestCommonCRUDMethods::test_has_getall_method[ConstChartOperations-flexlibs2.code.Discourse.ConstChartOperations]
FAILED tests/test_operations_baseline.py::TestCommonCRUDMethods::test_has_getall_method[ConstChartRowOperations-flexlibs2.code.Discourse.ConstChartRowOperations]
FAILED tests/test_operations_baseline.py::TestCommonCRUDMethods::test_has_getall_method[ConstChartTagOperations-flexlibs2.code.Discourse.ConstChartTagOperations]
FAILED tests/test_operations_baseline.py::TestCommonCRUDMethods::test_has_getall_method[ConstChartClauseMarkerOperations-flexlibs2.code.Discourse.ConstChartClauseMarkerOperations]
FAILED tests/test_operations_baseline.py::TestCommonCRUDMethods::test_has_getall_method[ConstChartWordGroupOperations-flexlibs2.code.Discourse.ConstChartWordGroupOperations]
FAILED tests/test_operations_baseline.py::TestCommonCRUDMethods::test_has_getall_method[ConstChartMovedTextOperations-flexlibs2.code.Discourse.ConstChartMovedTextOperations]
FAILED tests/test_operations_baseline.py::TestCommonCRUDMethods::test_has_getall_method[ScrBookOperations-flexlibs2.code.Scripture.ScrBookOperations]
FAILED tests/test_operations_baseline.py::TestCommonCRUDMethods::test_has_getall_method[ScrSectionOperations-flexlibs2.code.Scripture.ScrSectionOperations]
FAILED tests/test_operations_baseline.py::TestCommonCRUDMethods::test_has_getall_method[ScrTxtParaOperations-flexlibs2.code.Scripture.ScrTxtParaOperations]
FAILED tests/test_operations_baseline.py::TestCommonCRUDMethods::test_has_getall_method[ScrNoteOperations-flexlibs2.code.Scripture.ScrNoteOperations]
FAILED tests/test_operations_baseline.py::TestCommonCRUDMethods::test_has_getall_method[ScrAnnotationsOperations-flexlibs2.code.Scripture.ScrAnnotationsOperations]
FAILED tests/test_operations_baseline.py::TestCommonCRUDMethods::test_has_getall_method[ScrDraftOperations-flexlibs2.code.Scripture.ScrDraftOperations]
FAILED tests/test_operations_baseline.py::TestCommonCRUDMethods::test_has_getall_method[DataNotebookOperations-flexlibs2.code.Notebook.DataNotebookOperations]
FAILED tests/test_operations_baseline.py::TestCommonCRUDMethods::test_has_getall_method[NoteOperations-flexlibs2.code.Notebook.NoteOperations]
FAILED tests/test_operations_baseline.py::TestCommonCRUDMethods::test_has_getall_method[PersonOperations-flexlibs2.code.Notebook.PersonOperations]
FAILED tests/test_operations_baseline.py::TestCommonCRUDMethods::test_has_getall_method[LocationOperations-flexlibs2.code.Notebook.LocationOperations]
FAILED tests/test_operations_baseline.py::TestCommonCRUDMethods::test_has_getall_method[AnthropologyOperations-flexlibs2.code.Notebook.AnthropologyOperations]
FAILED tests/test_operations_baseline.py::TestCommonCRUDMethods::test_has_getall_method[ReversalIndexOperations-flexlibs2.code.Reversal.ReversalIndexOperations]
FAILED tests/test_operations_baseline.py::TestCommonCRUDMethods::test_has_getall_method[ReversalIndexEntryOperations-flexlibs2.code.Reversal.ReversalIndexEntryOperations]
FAILED tests/test_operations_baseline.py::TestCommonCRUDMethods::test_has_getall_method[PossibilityListOperations-flexlibs2.code.Lists.PossibilityListOperations]
FAILED tests/test_operations_baseline.py::TestCommonCRUDMethods::test_has_getall_method[AgentOperations-flexlibs2.code.Lists.AgentOperations]
FAILED tests/test_operations_baseline.py::TestCommonCRUDMethods::test_has_getall_method[ConfidenceOperations-flexlibs2.code.Lists.ConfidenceOperations]
FAILED tests/test_operations_baseline.py::TestCommonCRUDMethods::test_has_getall_method[PublicationOperations-flexlibs2.code.Lists.PublicationOperations]
FAILED tests/test_operations_baseline.py::TestCommonCRUDMethods::test_has_getall_method[TranslationTypeOperations-flexlibs2.code.Lists.TranslationTypeOperations]
FAILED tests/test_operations_baseline.py::TestCommonCRUDMethods::test_has_getall_method[OverlayOperations-flexlibs2.code.Lists.OverlayOperations]
FAILED tests/test_operations_baseline.py::TestCommonCRUDMethods::test_has_getall_method[WritingSystemOperations-flexlibs2.code.System.WritingSystemOperations]
FAILED tests/test_operations_baseline.py::TestCommonCRUDMethods::test_has_getall_method[ProjectSettingsOperations-flexlibs2.code.System.ProjectSettingsOperations]
FAILED tests/test_operations_baseline.py::TestCommonCRUDMethods::test_has_getall_method[CustomFieldOperations-flexlibs2.code.System.CustomFieldOperations]
FAILED tests/test_operations_baseline.py::TestCommonCRUDMethods::test_has_getall_method[CheckOperations-flexlibs2.code.System.CheckOperations]
FAILED tests/test_operations_baseline.py::TestCommonCRUDMethods::test_has_getall_method[AnnotationDefOperations-flexlibs2.code.System.AnnotationDefOperations]
FAILED tests/test_operations_baseline.py::TestCommonCRUDMethods::test_has_getall_method[MediaOperations-flexlibs2.code.Shared.MediaOperations]
FAILED tests/test_operations_baseline.py::TestCommonCRUDMethods::test_has_getall_method[FilterOperations-flexlibs2.code.Shared.FilterOperations]
FAILED tests/test_operations_baseline.py::TestCommonCRUDMethods::test_has_create_method[POSOperations-flexlibs2.code.Grammar.POSOperations]
FAILED tests/test_operations_baseline.py::TestCommonCRUDMethods::test_has_create_method[LexEntryOperations-flexlibs2.code.Lexicon.LexEntryOperations]
FAILED tests/test_operations_baseline.py::TestCommonCRUDMethods::test_has_create_method[LexSenseOperations-flexlibs2.code.Lexicon.LexSenseOperations]
FAILED tests/test_operations_baseline.py::TestCommonCRUDMethods::test_has_create_method[AllomorphOperations-flexlibs2.code.Lexicon.AllomorphOperations]
FAILED tests/test_operations_baseline.py::TestCommonCRUDMethods::test_has_create_method[ExampleOperations-flexlibs2.code.Lexicon.ExampleOperations]
FAILED tests/test_operations_baseline.py::TestCommonCRUDMethods::test_has_create_method[TextOperations-flexlibs2.code.TextsWords.TextOperations]
FAILED tests/test_operations_baseline.py::TestCommonCRUDMethods::test_has_create_method[ParagraphOperations-flexlibs2.code.TextsWords.ParagraphOperations]
FAILED tests/test_operations_baseline.py::TestCommonCRUDMethods::test_has_create_method[WfiWordformOperations-flexlibs2.code.Wordform.WfiWordformOperations]
FAILED tests/test_operations_baseline.py::TestCommonCRUDMethods::test_has_create_method[ScrBookOperations-flexlibs2.code.Scripture.ScrBookOperations]
FAILED tests/test_operations_baseline.py::TestCommonCRUDMethods::test_has_create_method[ScrSectionOperations-flexlibs2.code.Scripture.ScrSectionOperations]
FAILED tests/test_operations_baseline.py::TestCommonCRUDMethods::test_has_create_method[NoteOperations-flexlibs2.code.Notebook.NoteOperations]
FAILED tests/test_operations_baseline.py::TestCommonCRUDMethods::test_has_create_method[PersonOperations-flexlibs2.code.Notebook.PersonOperations]
FAILED tests/test_operations_baseline.py::TestCommonCRUDMethods::test_has_create_method[LocationOperations-flexlibs2.code.Notebook.LocationOperations]
FAILED tests/test_operations_baseline.py::TestCommonCRUDMethods::test_has_create_method[ReversalIndexEntryOperations-flexlibs2.code.Reversal.ReversalIndexEntryOperations]
FAILED tests/test_operations_baseline.py::TestGrammarOperations::test_grammar_operations_domain[POSOperations-flexlibs2.code.Grammar.POSOperations]
FAILED tests/test_operations_baseline.py::TestGrammarOperations::test_grammar_operations_domain[PhonemeOperations-flexlibs2.code.Grammar.PhonemeOperations]
FAILED tests/test_operations_baseline.py::TestGrammarOperations::test_grammar_operations_domain[NaturalClassOperations-flexlibs2.code.Grammar.NaturalClassOperations]
FAILED tests/test_operations_baseline.py::TestGrammarOperations::test_grammar_operations_domain[EnvironmentOperations-flexlibs2.code.Grammar.EnvironmentOperations]
FAILED tests/test_operations_baseline.py::TestGrammarOperations::test_grammar_operations_domain[PhonologicalRuleOperations-flexlibs2.code.Grammar.PhonologicalRuleOperations]
FAILED tests/test_operations_baseline.py::TestGrammarOperations::test_grammar_operations_domain[MorphRuleOperations-flexlibs2.code.Grammar.MorphRuleOperations]
FAILED tests/test_operations_baseline.py::TestGrammarOperations::test_grammar_operations_domain[GramCatOperations-flexlibs2.code.Grammar.GramCatOperations]
FAILED tests/test_operations_baseline.py::TestGrammarOperations::test_grammar_operations_domain[InflectionFeatureOperations-flexlibs2.code.Grammar.InflectionFeatureOperations]
FAILED tests/test_operations_baseline.py::TestLexiconOperations::test_lexicon_operations_domain[LexEntryOperations-flexlibs2.code.Lexicon.LexEntryOperations]
FAILED tests/test_operations_baseline.py::TestLexiconOperations::test_lexicon_operations_domain[LexSenseOperations-flexlibs2.code.Lexicon.LexSenseOperations]
FAILED tests/test_operations_baseline.py::TestLexiconOperations::test_lexicon_operations_domain[AllomorphOperations-flexlibs2.code.Lexicon.AllomorphOperations]
FAILED tests/test_operations_baseline.py::TestLexiconOperations::test_lexicon_operations_domain[ExampleOperations-flexlibs2.code.Lexicon.ExampleOperations]
FAILED tests/test_operations_baseline.py::TestLexiconOperations::test_lexicon_operations_domain[PronunciationOperations-flexlibs2.code.Lexicon.PronunciationOperations]
FAILED tests/test_operations_baseline.py::TestLexiconOperations::test_lexicon_operations_domain[EtymologyOperations-flexlibs2.code.Lexicon.EtymologyOperations]
FAILED tests/test_operations_baseline.py::TestLexiconOperations::test_lexicon_operations_domain[VariantOperations-flexlibs2.code.Lexicon.VariantOperations]
FAILED tests/test_operations_baseline.py::TestLexiconOperations::test_lexicon_operations_domain[LexReferenceOperations-flexlibs2.code.Lexicon.LexReferenceOperations]
FAILED tests/test_operations_baseline.py::TestLexiconOperations::test_lexicon_operations_domain[SemanticDomainOperations-flexlibs2.code.Lexicon.SemanticDomainOperations]
FAILED tests/test_operations_baseline.py::TestLexiconOperations::test_lexicon_operations_domain[ReversalOperations-flexlibs2.code.Lexicon.ReversalOperations]
FAILED tests/test_operations_baseline.py::TestTextsWordsOperations::test_textswords_operations_domain[TextOperations-flexlibs2.code.TextsWords.TextOperations]
FAILED tests/test_operations_baseline.py::TestTextsWordsOperations::test_textswords_operations_domain[ParagraphOperations-flexlibs2.code.TextsWords.ParagraphOperations]
FAILED tests/test_operations_baseline.py::TestTextsWordsOperations::test_textswords_operations_domain[SegmentOperations-flexlibs2.code.TextsWords.SegmentOperations]
FAILED tests/test_operations_baseline.py::TestTextsWordsOperations::test_textswords_operations_domain[WordformOperations-flexlibs2.code.TextsWords.WordformOperations]
FAILED tests/test_operations_baseline.py::TestTextsWordsOperations::test_textswords_operations_domain[WfiAnalysisOperations-flexlibs2.code.TextsWords.WfiAnalysisOperations]
FAILED tests/test_operations_baseline.py::TestTextsWordsOperations::test_textswords_operations_domain[WfiGlossOperations-flexlibs2.code.TextsWords.WfiGlossOperations]
FAILED tests/test_operations_baseline.py::TestTextsWordsOperations::test_textswords_operations_domain[WfiMorphBundleOperations-flexlibs2.code.TextsWords.WfiMorphBundleOperations]
FAILED tests/test_operations_baseline.py::TestTextsWordsOperations::test_textswords_operations_domain[DiscourseOperations-flexlibs2.code.TextsWords.DiscourseOperations]
FAILED tests/test_operations_baseline.py::TestScriptureOperations::test_scripture_operations_domain[ScrBookOperations-flexlibs2.code.Scripture.ScrBookOperations]
FAILED tests/test_operations_baseline.py::TestScriptureOperations::test_scripture_operations_domain[ScrSectionOperations-flexlibs2.code.Scripture.ScrSectionOperations]
FAILED tests/test_operations_baseline.py::TestScriptureOperations::test_scripture_operations_domain[ScrTxtParaOperations-flexlibs2.code.Scripture.ScrTxtParaOperations]
FAILED tests/test_operations_baseline.py::TestScriptureOperations::test_scripture_operations_domain[ScrNoteOperations-flexlibs2.code.Scripture.ScrNoteOperations]
FAILED tests/test_operations_baseline.py::TestScriptureOperations::test_scripture_operations_domain[ScrAnnotationsOperations-flexlibs2.code.Scripture.ScrAnnotationsOperations]
FAILED tests/test_operations_baseline.py::TestScriptureOperations::test_scripture_operations_domain[ScrDraftOperations-flexlibs2.code.Scripture.ScrDraftOperations]
======================== 356 failed, 1 passed in 8.61s ========================
